#
# There is insufficient memory for the Java Runtime Environment to continue.
# Native memory allocation (malloc) failed to allocate 1877936 bytes. Error detail: Chunk::new
# Possible reasons:
#   The system is out of physical RAM or swap space
#   This process is running with CompressedOops enabled, and the Java Heap may be blocking the growth of the native heap
# Possible solutions:
#   Reduce memory load on the system
#   Increase physical memory or swap space
#   Check if swap backing store is full
#   Decrease Java heap size (-Xmx/-Xms)
#   Decrease number of Java threads
#   Decrease Java thread stack sizes (-Xss)
#   Set larger code cache with -XX:ReservedCodeCacheSize=
#   JVM is running with Unscaled Compressed Oops mode in which the Java heap is
#     placed in the first 4GB address space. The Java Heap base address is the
#     maximum limit for the native heap growth. Please use -XX:HeapBaseMinAddress
#     to set the Java Heap base and to place the Java Heap above 4GB virtual address.
# This output file may be truncated or incomplete.
#
#  Out of Memory Error (arena.cpp:168), pid=12160, tid=6676
#
# JRE version: OpenJDK Runtime Environment Temurin-21.0.9+10 (21.0.9+10) (build 21.0.9+10-LTS)
# Java VM: OpenJDK 64-Bit Server VM Temurin-21.0.9+10 (21.0.9+10-LTS, mixed mode, sharing, tiered, compressed oops, compressed class ptrs, parallel gc, windows-amd64)
# No core dump will be written. Minidumps are not enabled by default on client versions of Windows
#

---------------  S U M M A R Y ------------

Command Line: --add-modules=ALL-SYSTEM --add-opens=java.base/java.util=ALL-UNNAMED --add-opens=java.base/java.lang=ALL-UNNAMED --add-opens=java.base/sun.nio.fs=ALL-UNNAMED -Declipse.application=org.eclipse.jdt.ls.core.id1 -Dosgi.bundles.defaultStartLevel=4 -Declipse.product=org.eclipse.jdt.ls.core.product -Djava.import.generatesMetadataFilesAtProjectRoot=false -DDetectVMInstallationsJob.disabled=true -Dfile.encoding=utf8 -XX:+UseParallelGC -XX:GCTimeRatio=4 -XX:AdaptiveSizePolicyWeight=90 -Dsun.zip.disableMemoryMapping=true -Xmx2G -Xms100m -Xlog:disable -javaagent:c:\Users\ramse\.vscode\extensions\redhat.java-1.50.0-win32-x64\lombok\lombok-1.18.39-4050.jar -XX:+HeapDumpOnOutOfMemoryError -XX:HeapDumpPath=c:\Users\ramse\AppData\Roaming\Code\User\workspaceStorage\cfeb0354b5aa98abce98fa9a66cc9c2b\redhat.java -Daether.dependencyCollector.impl=bf c:\Users\ramse\.vscode\extensions\redhat.java-1.50.0-win32-x64\server\plugins\org.eclipse.equinox.launcher_1.7.100.v20251111-0406.jar -configuration c:\Users\ramse\AppData\Roaming\Code\User\globalStorage\redhat.java\1.50.0\config_win -data c:\Users\ramse\AppData\Roaming\Code\User\workspaceStorage\cfeb0354b5aa98abce98fa9a66cc9c2b\redhat.java\jdt_ws --pipe=\\.\pipe\lsp-935b60e9e468d9ca36607ce8ad934a77-sock

Host: AMD Ryzen 5 3500U with Radeon Vega Mobile Gfx  , 8 cores, 3G,  Windows 11 , 64 bit Build 26100 (10.0.26100.7309)
Time: Sat Dec 13 14:54:19 2025 Hora estándar central (México) elapsed time: 236.259342 seconds (0d 0h 3m 56s)

---------------  T H R E A D  ---------------

Current thread (0x00000263e82f1830):  JavaThread "C2 CompilerThread0" daemon [_thread_in_native, id=6676, stack(0x0000008bf6f00000,0x0000008bf7000000) (1024K)]


Current CompileTask:
C2:236259 14447       4       java.util.Properties::load0 (249 bytes)

Stack: [0x0000008bf6f00000,0x0000008bf7000000]
Native frames: (J=compiled Java code, j=interpreted, Vv=VM code, C=native code)
V  [jvm.dll+0x6d6e29]
V  [jvm.dll+0x8b4b76]
V  [jvm.dll+0x8b712e]
V  [jvm.dll+0x8b7813]
V  [jvm.dll+0x283d86]
V  [jvm.dll+0xc66ed]
V  [jvm.dll+0xc6c31]
V  [jvm.dll+0x3be53b]
V  [jvm.dll+0x1e3b52]
V  [jvm.dll+0x24c0f3]
V  [jvm.dll+0x24b580]
V  [jvm.dll+0x1cb13e]
V  [jvm.dll+0x25b29d]
V  [jvm.dll+0x25982a]
V  [jvm.dll+0x3f7ea6]
V  [jvm.dll+0x85e9ad]
V  [jvm.dll+0x6d565d]
C  [ucrtbase.dll+0x37b0]
C  [KERNEL32.DLL+0x2e8d7]
C  [ntdll.dll+0x8c53c]


---------------  P R O C E S S  ---------------

Threads class SMR info:
_java_thread_list=0x00000263f00f7530, length=48, elements={
0x00000263d00b2ae0, 0x00000263d0018390, 0x00000263d001b730, 0x00000263d001f120,
0x00000263d0022ca0, 0x00000263d0025520, 0x00000263d002d600, 0x00000263e82f1830,
0x00000263e82f3280, 0x00000263e852d680, 0x00000263e8624a80, 0x00000263e8d80910,
0x00000263e8b39fd0, 0x00000263e8bf2540, 0x00000263e8b3aa40, 0x00000263e8b8c810,
0x00000263ed3cf930, 0x00000263ed301bd0, 0x00000263ed304330, 0x00000263ed3028f0,
0x00000263ed3049c0, 0x00000263ed301540, 0x00000263ef981b10, 0x00000263ef9800d0,
0x00000263ef981480, 0x00000263ef9821a0, 0x00000263ef982830, 0x00000263ef982ec0,
0x00000263ef983550, 0x00000263ef983be0, 0x00000263ef980760, 0x00000263ef980df0,
0x00000263ef9876f0, 0x00000263ef9869d0, 0x00000263ef985620, 0x00000263f07e5aa0,
0x00000263f07e6130, 0x00000263f07e46f0, 0x00000263f07e8200, 0x00000263f07ea2d0,
0x00000263f07ea960, 0x00000263f07eaff0, 0x00000263f07e95b0, 0x00000263f07e9c40,
0x00000263ef985cb0, 0x00000263ef986340, 0x00000263ef987060, 0x00000263ef984270
}

Java Threads: ( => current thread )
  0x00000263d00b2ae0 JavaThread "main"                              [_thread_blocked, id=10792, stack(0x0000008bf6500000,0x0000008bf6600000) (1024K)]
  0x00000263d0018390 JavaThread "Reference Handler"          daemon [_thread_blocked, id=10292, stack(0x0000008bf6900000,0x0000008bf6a00000) (1024K)]
  0x00000263d001b730 JavaThread "Finalizer"                  daemon [_thread_blocked, id=4916, stack(0x0000008bf6a00000,0x0000008bf6b00000) (1024K)]
  0x00000263d001f120 JavaThread "Signal Dispatcher"          daemon [_thread_blocked, id=7184, stack(0x0000008bf6b00000,0x0000008bf6c00000) (1024K)]
  0x00000263d0022ca0 JavaThread "Attach Listener"            daemon [_thread_blocked, id=12672, stack(0x0000008bf6c00000,0x0000008bf6d00000) (1024K)]
  0x00000263d0025520 JavaThread "Service Thread"             daemon [_thread_blocked, id=10068, stack(0x0000008bf6d00000,0x0000008bf6e00000) (1024K)]
  0x00000263d002d600 JavaThread "Monitor Deflation Thread"   daemon [_thread_blocked, id=11236, stack(0x0000008bf6e00000,0x0000008bf6f00000) (1024K)]
=>0x00000263e82f1830 JavaThread "C2 CompilerThread0"         daemon [_thread_in_native, id=6676, stack(0x0000008bf6f00000,0x0000008bf7000000) (1024K)]
  0x00000263e82f3280 JavaThread "C1 CompilerThread0"         daemon [_thread_in_native, id=2292, stack(0x0000008bf7000000,0x0000008bf7100000) (1024K)]
  0x00000263e852d680 JavaThread "Common-Cleaner"             daemon [_thread_blocked, id=6552, stack(0x0000008bf7100000,0x0000008bf7200000) (1024K)]
  0x00000263e8624a80 JavaThread "Notification Thread"        daemon [_thread_blocked, id=10016, stack(0x0000008bf7200000,0x0000008bf7300000) (1024K)]
  0x00000263e8d80910 JavaThread "Active Thread: Equinox Container: d61005dc-8601-4e05-bf26-1f2c7a147294"        [_thread_blocked, id=4232, stack(0x0000008bf7900000,0x0000008bf7a00000) (1024K)]
  0x00000263e8b39fd0 JavaThread "Refresh Thread: Equinox Container: d61005dc-8601-4e05-bf26-1f2c7a147294" daemon [_thread_blocked, id=3304, stack(0x0000008bf7b00000,0x0000008bf7c00000) (1024K)]
  0x00000263e8bf2540 JavaThread "Framework Event Dispatcher: Equinox Container: d61005dc-8601-4e05-bf26-1f2c7a147294" daemon [_thread_blocked, id=11064, stack(0x0000008bf7c00000,0x0000008bf7d00000) (1024K)]
  0x00000263e8b3aa40 JavaThread "Start Level: Equinox Container: d61005dc-8601-4e05-bf26-1f2c7a147294" daemon [_thread_blocked, id=7788, stack(0x0000008bf7d00000,0x0000008bf7e00000) (1024K)]
  0x00000263e8b8c810 JavaThread "Bundle File Closer"         daemon [_thread_blocked, id=6192, stack(0x0000008bf7e00000,0x0000008bf7f00000) (1024K)]
  0x00000263ed3cf930 JavaThread "SCR Component Actor"        daemon [_thread_blocked, id=6900, stack(0x0000008bf7f00000,0x0000008bf8000000) (1024K)]
  0x00000263ed301bd0 JavaThread "Worker-JM"                         [_thread_blocked, id=7588, stack(0x0000008bf8000000,0x0000008bf8100000) (1024K)]
  0x00000263ed304330 JavaThread "Java indexing"              daemon [_thread_blocked, id=7208, stack(0x0000008bf8300000,0x0000008bf8400000) (1024K)]
  0x00000263ed3028f0 JavaThread "Worker-2"                          [_thread_blocked, id=7844, stack(0x0000008bf8400000,0x0000008bf8500000) (1024K)]
  0x00000263ed3049c0 JavaThread "JNA Cleaner"                daemon [_thread_blocked, id=11976, stack(0x0000008bf8600000,0x0000008bf8700000) (1024K)]
  0x00000263ed301540 JavaThread "Worker-4"                          [_thread_blocked, id=12588, stack(0x0000008bf8a00000,0x0000008bf8b00000) (1024K)]
  0x00000263ef981b10 JavaThread "Worker-5"                          [_thread_blocked, id=7492, stack(0x0000008bf8b00000,0x0000008bf8c00000) (1024K)]
  0x00000263ef9800d0 JavaThread "Thread-1"                   daemon [_thread_in_native, id=4120, stack(0x0000008bf8c00000,0x0000008bf8d00000) (1024K)]
  0x00000263ef981480 JavaThread "Thread-2"                   daemon [_thread_in_native, id=1656, stack(0x0000008bf8d00000,0x0000008bf8e00000) (1024K)]
  0x00000263ef9821a0 JavaThread "Thread-3"                   daemon [_thread_in_native, id=10164, stack(0x0000008bf8e00000,0x0000008bf8f00000) (1024K)]
  0x00000263ef982830 JavaThread "Thread-4"                   daemon [_thread_in_native, id=4668, stack(0x0000008bf8f00000,0x0000008bf9000000) (1024K)]
  0x00000263ef982ec0 JavaThread "Thread-5"                   daemon [_thread_in_native, id=13140, stack(0x0000008bf9000000,0x0000008bf9100000) (1024K)]
  0x00000263ef983550 JavaThread "Thread-6"                   daemon [_thread_in_native, id=8080, stack(0x0000008bf9100000,0x0000008bf9200000) (1024K)]
  0x00000263ef983be0 JavaThread "Thread-7"                   daemon [_thread_in_native, id=10436, stack(0x0000008bf9200000,0x0000008bf9300000) (1024K)]
  0x00000263ef980760 JavaThread "Thread-8"                   daemon [_thread_in_native, id=6708, stack(0x0000008bf9300000,0x0000008bf9400000) (1024K)]
  0x00000263ef980df0 JavaThread "Thread-9"                   daemon [_thread_in_native, id=12068, stack(0x0000008bf9400000,0x0000008bf9500000) (1024K)]
  0x00000263ef9876f0 JavaThread "pool-2-thread-1"                   [_thread_blocked, id=3668, stack(0x0000008bf9500000,0x0000008bf9600000) (1024K)]
  0x00000263ef9869d0 JavaThread "WorkspaceEventsHandler"            [_thread_blocked, id=3428, stack(0x0000008bf9600000,0x0000008bf9700000) (1024K)]
  0x00000263ef985620 JavaThread "pool-1-thread-1"                   [_thread_blocked, id=11800, stack(0x0000008bf9700000,0x0000008bf9800000) (1024K)]
  0x00000263f07e5aa0 JavaThread "Compiler Source File Reader" daemon [_thread_blocked, id=6680, stack(0x0000008bf6200000,0x0000008bf6300000) (1024K)]
  0x00000263f07e6130 JavaThread "Compiler Class File Writer" daemon [_thread_blocked, id=2136, stack(0x0000008bf6400000,0x0000008bf6500000) (1024K)]
  0x00000263f07e46f0 JavaThread "Compiler Source File Reader" daemon [_thread_blocked, id=2096, stack(0x0000008bf9900000,0x0000008bf9a00000) (1024K)]
  0x00000263f07e8200 JavaThread "Compiler Class File Writer" daemon [_thread_blocked, id=1676, stack(0x0000008bf9a00000,0x0000008bf9b00000) (1024K)]
  0x00000263f07ea2d0 JavaThread "ForkJoinPool.commonPool-worker-1" daemon [_thread_in_native, id=3696, stack(0x0000008bf9b00000,0x0000008bf9c00000) (1024K)]
  0x00000263f07ea960 JavaThread "ForkJoinPool.commonPool-worker-2" daemon [_thread_blocked, id=10132, stack(0x0000008bf9c00000,0x0000008bf9d00000) (1024K)]
  0x00000263f07eaff0 JavaThread "ForkJoinPool.commonPool-worker-3" daemon [_thread_blocked, id=13020, stack(0x0000008bf9d00000,0x0000008bf9e00000) (1024K)]
  0x00000263f07e95b0 JavaThread "ForkJoinPool.commonPool-worker-4" daemon [_thread_in_vm, id=6632, stack(0x0000008bf9e00000,0x0000008bf9f00000) (1024K)]
  0x00000263f07e9c40 JavaThread "ForkJoinPool.commonPool-worker-6" daemon [_thread_blocked, id=10156, stack(0x0000008bf9f00000,0x0000008bfa000000) (1024K)]
  0x00000263ef985cb0 JavaThread "ForkJoinPool.commonPool-worker-7" daemon [_thread_blocked, id=12916, stack(0x0000008bfa100000,0x0000008bfa200000) (1024K)]
  0x00000263ef986340 JavaThread "Worker-6"                          [_thread_blocked, id=12516, stack(0x0000008bf6300000,0x0000008bf6400000) (1024K)]
  0x00000263ef987060 JavaThread "Worker-7"                          [_thread_blocked, id=3196, stack(0x0000008bf8100000,0x0000008bf8200000) (1024K)]
  0x00000263ef984270 JavaThread "ForkJoinPool.commonPool-worker-8" daemon [_thread_blocked, id=3576, stack(0x0000008bf8200000,0x0000008bf8300000) (1024K)]
Total: 48

Other Threads:
  0x00000263d0013120 VMThread "VM Thread"                           [id=11300, stack(0x0000008bf6800000,0x0000008bf6900000) (1024K)]
  0x00000263cff2ca00 WatcherThread "VM Periodic Task Thread"        [id=12752, stack(0x0000008bf6700000,0x0000008bf6800000) (1024K)]
  0x00000263d00c9e50 WorkerThread "GC Thread#0"                     [id=3560, stack(0x0000008bf6600000,0x0000008bf6700000) (1024K)]
  0x00000263e883a850 WorkerThread "GC Thread#1"                     [id=4512, stack(0x0000008bf7300000,0x0000008bf7400000) (1024K)]
  0x00000263e87c8200 WorkerThread "GC Thread#2"                     [id=2596, stack(0x0000008bf7400000,0x0000008bf7500000) (1024K)]
  0x00000263e87c85a0 WorkerThread "GC Thread#3"                     [id=12388, stack(0x0000008bf7500000,0x0000008bf7600000) (1024K)]
  0x00000263e87ff990 WorkerThread "GC Thread#4"                     [id=10848, stack(0x0000008bf7600000,0x0000008bf7700000) (1024K)]
  0x00000263e87ffd30 WorkerThread "GC Thread#5"                     [id=3608, stack(0x0000008bf7700000,0x0000008bf7800000) (1024K)]
  0x00000263e88000d0 WorkerThread "GC Thread#6"                     [id=12380, stack(0x0000008bf7800000,0x0000008bf7900000) (1024K)]
  0x00000263e8b96190 WorkerThread "GC Thread#7"                     [id=5304, stack(0x0000008bf7a00000,0x0000008bf7b00000) (1024K)]
Total: 10

Threads with active compile tasks:
C2 CompilerThread0  236340 14447       4       java.util.Properties::load0 (249 bytes)
Total: 1

VM state: not at safepoint (normal execution)

VM Mutex/Monitor currently owned by a thread: None

Heap address: 0x0000000080000000, size: 2048 MB, Compressed Oops mode: 32-bit

CDS archive(s) mapped at: [0x0000026380000000-0x0000026380ba0000-0x0000026380ba0000), size 12189696, SharedBaseAddress: 0x0000026380000000, ArchiveRelocationMode: 1.
Compressed class space mapped at: 0x0000026381000000-0x00000263c1000000, reserved size: 1073741824
Narrow klass base: 0x0000026380000000, Narrow klass shift: 0, Narrow klass range: 0x100000000

GC Precious Log:
 CardTable entry size: 512
 CPUs: 8 total, 8 available
 Memory: 3460M
 Large Page Support: Disabled
 NUMA Support: Disabled
 Compressed Oops: Enabled (32-bit)
 Alignments: Space 512K, Generation 512K, Heap 2M
 Heap Min Capacity: 100M
 Heap Initial Capacity: 100M
 Heap Max Capacity: 2G
 Pre-touch: Disabled
 Parallel Workers: 8

Heap:
 PSYoungGen      total 6656K, used 4846K [0x00000000d5580000, 0x00000000d5d80000, 0x0000000100000000)
  eden space 5120K, 73% used [0x00000000d5580000,0x00000000d5932738,0x00000000d5a80000)
  from space 1536K, 69% used [0x00000000d5c00000,0x00000000d5d091d8,0x00000000d5d80000)
  to   space 1536K, 0% used [0x00000000d5a80000,0x00000000d5a80000,0x00000000d5c00000)
 ParOldGen       total 785408K, used 785189K [0x0000000080000000, 0x00000000aff00000, 0x00000000d5580000)
  object space 785408K, 99% used [0x0000000080000000,0x00000000afec9578,0x00000000aff00000)
 Metaspace       used 74168K, committed 75840K, reserved 1179648K
  class space    used 7971K, committed 8704K, reserved 1048576K

Card table byte_map: [0x00000263cfa40000,0x00000263cfe50000] _byte_map_base: 0x00000263cf640000

Marking Bits: (ParMarkBitMap*) 0x00007ff9f2252460
 Begin Bits: [0x00000263e2550000, 0x00000263e4550000)
 End Bits:   [0x00000263e4550000, 0x00000263e6550000)

Polling page: 0x00000263ce120000

Metaspace:

Usage:
  Non-class:     64.64 MB used.
      Class:      7.79 MB used.
       Both:     72.43 MB used.

Virtual space:
  Non-class space:      128.00 MB reserved,      65.56 MB ( 51%) committed,  2 nodes.
      Class space:        1.00 GB reserved,       8.50 MB ( <1%) committed,  1 nodes.
             Both:        1.12 GB reserved,      74.06 MB (  6%) committed. 

Chunk freelists:
   Non-Class:  14.31 MB
       Class:  7.53 MB
        Both:  21.84 MB

MaxMetaspaceSize: unlimited
CompressedClassSpaceSize: 1.00 GB
Initial GC threshold: 21.00 MB
Current GC threshold: 97.31 MB
CDS: on
 - commit_granule_bytes: 65536.
 - commit_granule_words: 8192.
 - virtual_space_node_default_size: 8388608.
 - enlarge_chunks_in_place: 1.
 - use_allocation_guard: 0.


Internal statistics:

num_allocs_failed_limit: 9.
num_arena_births: 1326.
num_arena_deaths: 50.
num_vsnodes_births: 3.
num_vsnodes_deaths: 0.
num_space_committed: 1185.
num_space_uncommitted: 0.
num_chunks_returned_to_freelist: 75.
num_chunks_taken_from_freelist: 4653.
num_chunk_merges: 19.
num_chunk_splits: 2849.
num_chunks_enlarged: 1624.
num_inconsistent_stats: 0.

CodeHeap 'non-profiled nmethods': size=120000Kb used=9785Kb max_used=9785Kb free=110214Kb
 bounds [0x00000263dad70000, 0x00000263db700000, 0x00000263e22a0000]
CodeHeap 'profiled nmethods': size=120000Kb used=30419Kb max_used=30419Kb free=89580Kb
 bounds [0x00000263d32a0000, 0x00000263d5060000, 0x00000263da7d0000]
CodeHeap 'non-nmethods': size=5760Kb used=1492Kb max_used=1528Kb free=4267Kb
 bounds [0x00000263da7d0000, 0x00000263daa40000, 0x00000263dad70000]
CodeCache: size=245760Kb, used=41696Kb, max_used=41732Kb, free=204061Kb
 total_blobs=14724, nmethods=13908, adapters=722, full_count=0
Compilation: enabled, stopped_count=0, restarted_count=0

Compilation events (20 events):
Event: 235.179 Thread 0x00000263e82f3280 nmethod 14657 0x00000263d5016310 code [0x00000263d50164c0, 0x00000263d5016640]
Event: 235.179 Thread 0x00000263e82f3280 14659       2       java.util.regex.Pattern$Prolog::match (11 bytes)
Event: 235.180 Thread 0x00000263e82f3280 nmethod 14659 0x00000263d5016790 code [0x00000263d5016940, 0x00000263d5016a78]
Event: 235.180 Thread 0x00000263e82f3280 14660       2       java.util.regex.Pattern$Loop::matchInit (156 bytes)
Event: 235.180 Thread 0x00000263e82f3280 nmethod 14660 0x00000263d5016b90 code [0x00000263d5016da0, 0x00000263d5017288]
Event: 235.180 Thread 0x00000263e82f3280 14662       2       java.lang.invoke.MethodType::hasPrimitives (8 bytes)
Event: 235.180 Thread 0x00000263e82f3280 nmethod 14662 0x00000263d5017590 code [0x00000263d5017720, 0x00000263d5017848]
Event: 235.181 Thread 0x00000263e82f3280 14663       2       org.lombokweb.asm.Type::getMethodType (16 bytes)
Event: 235.181 Thread 0x00000263e82f3280 nmethod 14663 0x00000263d5017910 code [0x00000263d5017aa0, 0x00000263d5017c30]
Event: 235.210 Thread 0x00000263e82f3280 14664       2       org.lombokweb.asm.MethodWriter::setMethodAttributesSource (17 bytes)
Event: 235.210 Thread 0x00000263e82f3280 nmethod 14664 0x00000263d5017d90 code [0x00000263d5017f20, 0x00000263d5018038]
Event: 235.212 Thread 0x00000263e82f3280 14665       2       lombok.patcher.scripts.WrapReturnValuesScript$WrapReturnValues::visitInsn (283 bytes)
Event: 235.215 Thread 0x00000263e82f3280 nmethod 14665 0x00000263d5018110 code [0x00000263d5018400, 0x00000263d5018c58]
Event: 235.215 Thread 0x00000263e82f3280 14667       2       lombok.patcher.Hook::getMethodDescriptor (80 bytes)
Event: 235.216 Thread 0x00000263e82f3280 nmethod 14667 0x00000263d5019310 code [0x00000263d5019560, 0x00000263d50199d0]
Event: 235.216 Thread 0x00000263e82f3280 14668       2       java.util.regex.IntHashSet::add (111 bytes)
Event: 235.216 Thread 0x00000263e82f3280 nmethod 14668 0x00000263d5019c90 code [0x00000263d5019e60, 0x00000263d501a128]
Event: 235.216 Thread 0x00000263e82f3280 14666       1       lombok.patcher.scripts.WrapReturnValuesScript::access$4 (5 bytes)
Event: 235.216 Thread 0x00000263e82f3280 nmethod 14666 0x00000263db6fe210 code [0x00000263db6fe3a0, 0x00000263db6fe450]
Event: 235.219 Thread 0x00000263e82f3280 14669       2       org.lombokweb.asm.ClassReader::readCode (5117 bytes)

GC Heap History (20 events):
Event: 127.930 GC heap before
{Heap before GC invocations=1026 (full 3):
 PSYoungGen      total 7168K, used 7051K [0x00000000d5580000, 0x00000000d5e00000, 0x0000000100000000)
  eden space 6656K, 100% used [0x00000000d5580000,0x00000000d5c00000,0x00000000d5c00000)
  from space 512K, 77% used [0x00000000d5d80000,0x00000000d5de2fb0,0x00000000d5e00000)
  to   space 1024K, 0% used [0x00000000d5c00000,0x00000000d5c00000,0x00000000d5d00000)
 ParOldGen       total 778752K, used 778569K [0x0000000080000000, 0x00000000af880000, 0x00000000d5580000)
  object space 778752K, 99% used [0x0000000080000000,0x00000000af852470,0x00000000af880000)
 Metaspace       used 71083K, committed 72704K, reserved 1114112K
  class space    used 7663K, committed 8384K, reserved 1048576K
}
Event: 127.935 GC heap after
{Heap after GC invocations=1026 (full 3):
 PSYoungGen      total 7680K, used 1008K [0x00000000d5580000, 0x00000000d5f00000, 0x0000000100000000)
  eden space 6656K, 0% used [0x00000000d5580000,0x00000000d5580000,0x00000000d5c00000)
  from space 1024K, 98% used [0x00000000d5c00000,0x00000000d5cfc010,0x00000000d5d00000)
  to   space 1536K, 0% used [0x00000000d5d80000,0x00000000d5d80000,0x00000000d5f00000)
 ParOldGen       total 779264K, used 778813K [0x0000000080000000, 0x00000000af900000, 0x00000000d5580000)
  object space 779264K, 99% used [0x0000000080000000,0x00000000af88f428,0x00000000af900000)
 Metaspace       used 71083K, committed 72704K, reserved 1114112K
  class space    used 7663K, committed 8384K, reserved 1048576K
}
Event: 128.229 GC heap before
{Heap before GC invocations=1027 (full 3):
 PSYoungGen      total 7680K, used 7662K [0x00000000d5580000, 0x00000000d5f00000, 0x0000000100000000)
  eden space 6656K, 99% used [0x00000000d5580000,0x00000000d5bff930,0x00000000d5c00000)
  from space 1024K, 98% used [0x00000000d5c00000,0x00000000d5cfc010,0x00000000d5d00000)
  to   space 1536K, 0% used [0x00000000d5d80000,0x00000000d5d80000,0x00000000d5f00000)
 ParOldGen       total 779264K, used 778813K [0x0000000080000000, 0x00000000af900000, 0x00000000d5580000)
  object space 779264K, 99% used [0x0000000080000000,0x00000000af88f428,0x00000000af900000)
 Metaspace       used 71505K, committed 73152K, reserved 1114112K
  class space    used 7729K, committed 8448K, reserved 1048576K
}
Event: 128.234 GC heap after
{Heap after GC invocations=1027 (full 3):
 PSYoungGen      total 8192K, used 1056K [0x00000000d5580000, 0x00000000d5f00000, 0x0000000100000000)
  eden space 6656K, 0% used [0x00000000d5580000,0x00000000d5580000,0x00000000d5c00000)
  from space 1536K, 68% used [0x00000000d5d80000,0x00000000d5e88000,0x00000000d5f00000)
  to   space 1536K, 0% used [0x00000000d5c00000,0x00000000d5c00000,0x00000000d5d80000)
 ParOldGen       total 779776K, used 779709K [0x0000000080000000, 0x00000000af980000, 0x00000000d5580000)
  object space 779776K, 99% used [0x0000000080000000,0x00000000af96f4e8,0x00000000af980000)
 Metaspace       used 71505K, committed 73152K, reserved 1114112K
  class space    used 7729K, committed 8448K, reserved 1048576K
}
Event: 231.098 GC heap before
{Heap before GC invocations=1028 (full 3):
 PSYoungGen      total 8192K, used 7711K [0x00000000d5580000, 0x00000000d5f00000, 0x0000000100000000)
  eden space 6656K, 99% used [0x00000000d5580000,0x00000000d5bfff80,0x00000000d5c00000)
  from space 1536K, 68% used [0x00000000d5d80000,0x00000000d5e88000,0x00000000d5f00000)
  to   space 1536K, 0% used [0x00000000d5c00000,0x00000000d5c00000,0x00000000d5d80000)
 ParOldGen       total 779776K, used 779709K [0x0000000080000000, 0x00000000af980000, 0x00000000d5580000)
  object space 779776K, 99% used [0x0000000080000000,0x00000000af96f4e8,0x00000000af980000)
 Metaspace       used 72147K, committed 73792K, reserved 1114112K
  class space    used 7804K, committed 8512K, reserved 1048576K
}
Event: 233.330 GC heap after
{Heap after GC invocations=1028 (full 3):
 PSYoungGen      total 7168K, used 384K [0x00000000d5580000, 0x00000000d5e00000, 0x0000000100000000)
  eden space 6656K, 0% used [0x00000000d5580000,0x00000000d5580000,0x00000000d5c00000)
  from space 512K, 75% used [0x00000000d5c00000,0x00000000d5c60020,0x00000000d5c80000)
  to   space 1024K, 0% used [0x00000000d5d00000,0x00000000d5d00000,0x00000000d5e00000)
 ParOldGen       total 780800K, used 780493K [0x0000000080000000, 0x00000000afa80000, 0x00000000d5580000)
  object space 780800K, 99% used [0x0000000080000000,0x00000000afa334e8,0x00000000afa80000)
 Metaspace       used 72147K, committed 73792K, reserved 1114112K
  class space    used 7804K, committed 8512K, reserved 1048576K
}
Event: 233.730 GC heap before
{Heap before GC invocations=1029 (full 3):
 PSYoungGen      total 7168K, used 7040K [0x00000000d5580000, 0x00000000d5e00000, 0x0000000100000000)
  eden space 6656K, 100% used [0x00000000d5580000,0x00000000d5c00000,0x00000000d5c00000)
  from space 512K, 75% used [0x00000000d5c00000,0x00000000d5c60020,0x00000000d5c80000)
  to   space 1024K, 0% used [0x00000000d5d00000,0x00000000d5d00000,0x00000000d5e00000)
 ParOldGen       total 780800K, used 780493K [0x0000000080000000, 0x00000000afa80000, 0x00000000d5580000)
  object space 780800K, 99% used [0x0000000080000000,0x00000000afa334e8,0x00000000afa80000)
 Metaspace       used 73084K, committed 74816K, reserved 1179648K
  class space    used 7884K, committed 8640K, reserved 1048576K
}
Event: 233.738 GC heap after
{Heap after GC invocations=1029 (full 3):
 PSYoungGen      total 7168K, used 384K [0x00000000d5580000, 0x00000000d5d80000, 0x0000000100000000)
  eden space 6656K, 0% used [0x00000000d5580000,0x00000000d5580000,0x00000000d5c00000)
  from space 512K, 75% used [0x00000000d5d00000,0x00000000d5d60000,0x00000000d5d80000)
  to   space 512K, 0% used [0x00000000d5c00000,0x00000000d5c00000,0x00000000d5c80000)
 ParOldGen       total 780800K, used 780715K [0x0000000080000000, 0x00000000afa80000, 0x00000000d5580000)
  object space 780800K, 99% used [0x0000000080000000,0x00000000afa6af70,0x00000000afa80000)
 Metaspace       used 73084K, committed 74816K, reserved 1179648K
  class space    used 7884K, committed 8640K, reserved 1048576K
}
Event: 234.135 GC heap before
{Heap before GC invocations=1030 (full 3):
 PSYoungGen      total 7168K, used 7040K [0x00000000d5580000, 0x00000000d5d80000, 0x0000000100000000)
  eden space 6656K, 100% used [0x00000000d5580000,0x00000000d5c00000,0x00000000d5c00000)
  from space 512K, 75% used [0x00000000d5d00000,0x00000000d5d60000,0x00000000d5d80000)
  to   space 512K, 0% used [0x00000000d5c00000,0x00000000d5c00000,0x00000000d5c80000)
 ParOldGen       total 780800K, used 780715K [0x0000000080000000, 0x00000000afa80000, 0x00000000d5580000)
  object space 780800K, 99% used [0x0000000080000000,0x00000000afa6af88,0x00000000afa80000)
 Metaspace       used 73870K, committed 75584K, reserved 1179648K
  class space    used 7952K, committed 8704K, reserved 1048576K
}
Event: 234.142 GC heap after
{Heap after GC invocations=1030 (full 3):
 PSYoungGen      total 7168K, used 481K [0x00000000d5580000, 0x00000000d5e00000, 0x0000000100000000)
  eden space 6656K, 0% used [0x00000000d5580000,0x00000000d5580000,0x00000000d5c00000)
  from space 512K, 93% used [0x00000000d5c00000,0x00000000d5c78490,0x00000000d5c80000)
  to   space 1024K, 0% used [0x00000000d5d00000,0x00000000d5d00000,0x00000000d5e00000)
 ParOldGen       total 781312K, used 781128K [0x0000000080000000, 0x00000000afb00000, 0x00000000d5580000)
  object space 781312K, 99% used [0x0000000080000000,0x00000000afad2218,0x00000000afb00000)
 Metaspace       used 73870K, committed 75584K, reserved 1179648K
  class space    used 7952K, committed 8704K, reserved 1048576K
}
Event: 234.696 GC heap before
{Heap before GC invocations=1031 (full 3):
 PSYoungGen      total 7168K, used 7137K [0x00000000d5580000, 0x00000000d5e00000, 0x0000000100000000)
  eden space 6656K, 100% used [0x00000000d5580000,0x00000000d5c00000,0x00000000d5c00000)
  from space 512K, 93% used [0x00000000d5c00000,0x00000000d5c78490,0x00000000d5c80000)
  to   space 1024K, 0% used [0x00000000d5d00000,0x00000000d5d00000,0x00000000d5e00000)
 ParOldGen       total 781312K, used 781131K [0x0000000080000000, 0x00000000afb00000, 0x00000000d5580000)
  object space 781312K, 99% used [0x0000000080000000,0x00000000afad2e18,0x00000000afb00000)
 Metaspace       used 73962K, committed 75712K, reserved 1179648K
  class space    used 7966K, committed 8704K, reserved 1048576K
}
Event: 234.707 GC heap after
{Heap after GC invocations=1031 (full 3):
 PSYoungGen      total 6656K, used 1011K [0x00000000d5580000, 0x00000000d6000000, 0x0000000100000000)
  eden space 5632K, 0% used [0x00000000d5580000,0x00000000d5580000,0x00000000d5b00000)
  from space 1024K, 98% used [0x00000000d5d00000,0x00000000d5dfcd10,0x00000000d5e00000)
  to   space 2048K, 0% used [0x00000000d5b00000,0x00000000d5b00000,0x00000000d5d00000)
 ParOldGen       total 782336K, used 781849K [0x0000000080000000, 0x00000000afc00000, 0x00000000d5580000)
  object space 782336K, 99% used [0x0000000080000000,0x00000000afb86420,0x00000000afc00000)
 Metaspace       used 73962K, committed 75712K, reserved 1179648K
  class space    used 7966K, committed 8704K, reserved 1048576K
}
Event: 235.006 GC heap before
{Heap before GC invocations=1032 (full 3):
 PSYoungGen      total 6656K, used 6639K [0x00000000d5580000, 0x00000000d6000000, 0x0000000100000000)
  eden space 5632K, 99% used [0x00000000d5580000,0x00000000d5aff138,0x00000000d5b00000)
  from space 1024K, 98% used [0x00000000d5d00000,0x00000000d5dfcd10,0x00000000d5e00000)
  to   space 2048K, 0% used [0x00000000d5b00000,0x00000000d5b00000,0x00000000d5d00000)
 ParOldGen       total 782336K, used 781849K [0x0000000080000000, 0x00000000afc00000, 0x00000000d5580000)
  object space 782336K, 99% used [0x0000000080000000,0x00000000afb86420,0x00000000afc00000)
 Metaspace       used 74047K, committed 75776K, reserved 1179648K
  class space    used 7970K, committed 8704K, reserved 1048576K
}
Event: 235.035 GC heap after
{Heap after GC invocations=1032 (full 3):
 PSYoungGen      total 7680K, used 1463K [0x00000000d5580000, 0x00000000d5f00000, 0x0000000100000000)
  eden space 5632K, 0% used [0x00000000d5580000,0x00000000d5580000,0x00000000d5b00000)
  from space 2048K, 71% used [0x00000000d5b00000,0x00000000d5c6ddf8,0x00000000d5d00000)
  to   space 2048K, 0% used [0x00000000d5d00000,0x00000000d5d00000,0x00000000d5f00000)
 ParOldGen       total 782848K, used 782779K [0x0000000080000000, 0x00000000afc80000, 0x00000000d5580000)
  object space 782848K, 99% used [0x0000000080000000,0x00000000afc6ef28,0x00000000afc80000)
 Metaspace       used 74047K, committed 75776K, reserved 1179648K
  class space    used 7970K, committed 8704K, reserved 1048576K
}
Event: 235.127 GC heap before
{Heap before GC invocations=1033 (full 3):
 PSYoungGen      total 7680K, used 6983K [0x00000000d5580000, 0x00000000d5f00000, 0x0000000100000000)
  eden space 5632K, 98% used [0x00000000d5580000,0x00000000d5ae3e90,0x00000000d5b00000)
  from space 2048K, 71% used [0x00000000d5b00000,0x00000000d5c6ddf8,0x00000000d5d00000)
  to   space 2048K, 0% used [0x00000000d5d00000,0x00000000d5d00000,0x00000000d5f00000)
 ParOldGen       total 782848K, used 782779K [0x0000000080000000, 0x00000000afc80000, 0x00000000d5580000)
  object space 782848K, 99% used [0x0000000080000000,0x00000000afc6ef28,0x00000000afc80000)
 Metaspace       used 74075K, committed 75776K, reserved 1179648K
  class space    used 7971K, committed 8704K, reserved 1048576K
}
Event: 235.134 GC heap after
{Heap after GC invocations=1033 (full 3):
 PSYoungGen      total 7168K, used 1977K [0x00000000d5580000, 0x00000000d6000000, 0x0000000100000000)
  eden space 5120K, 0% used [0x00000000d5580000,0x00000000d5580000,0x00000000d5a80000)
  from space 2048K, 96% used [0x00000000d5d00000,0x00000000d5eee718,0x00000000d5f00000)
  to   space 2560K, 0% used [0x00000000d5a80000,0x00000000d5a80000,0x00000000d5d00000)
 ParOldGen       total 784384K, used 784116K [0x0000000080000000, 0x00000000afe00000, 0x00000000d5580000)
  object space 784384K, 99% used [0x0000000080000000,0x00000000afdbd2f8,0x00000000afe00000)
 Metaspace       used 74075K, committed 75776K, reserved 1179648K
  class space    used 7971K, committed 8704K, reserved 1048576K
}
Event: 235.154 GC heap before
{Heap before GC invocations=1034 (full 3):
 PSYoungGen      total 7168K, used 7097K [0x00000000d5580000, 0x00000000d6000000, 0x0000000100000000)
  eden space 5120K, 100% used [0x00000000d5580000,0x00000000d5a80000,0x00000000d5a80000)
  from space 2048K, 96% used [0x00000000d5d00000,0x00000000d5eee718,0x00000000d5f00000)
  to   space 2560K, 0% used [0x00000000d5a80000,0x00000000d5a80000,0x00000000d5d00000)
 ParOldGen       total 784384K, used 784116K [0x0000000080000000, 0x00000000afe00000, 0x00000000d5580000)
  object space 784384K, 99% used [0x0000000080000000,0x00000000afdbd2f8,0x00000000afe00000)
 Metaspace       used 74087K, committed 75776K, reserved 1179648K
  class space    used 7971K, committed 8704K, reserved 1048576K
}
Event: 235.160 GC heap after
{Heap after GC invocations=1034 (full 3):
 PSYoungGen      total 6656K, used 1063K [0x00000000d5580000, 0x00000000d5d80000, 0x0000000100000000)
  eden space 5120K, 0% used [0x00000000d5580000,0x00000000d5580000,0x00000000d5a80000)
  from space 1536K, 69% used [0x00000000d5a80000,0x00000000d5b89f20,0x00000000d5c00000)
  to   space 1536K, 0% used [0x00000000d5c00000,0x00000000d5c00000,0x00000000d5d80000)
 ParOldGen       total 784896K, used 784681K [0x0000000080000000, 0x00000000afe80000, 0x00000000d5580000)
  object space 784896K, 99% used [0x0000000080000000,0x00000000afe4a5e0,0x00000000afe80000)
 Metaspace       used 74087K, committed 75776K, reserved 1179648K
  class space    used 7971K, committed 8704K, reserved 1048576K
}
Event: 235.187 GC heap before
{Heap before GC invocations=1035 (full 3):
 PSYoungGen      total 6656K, used 6183K [0x00000000d5580000, 0x00000000d5d80000, 0x0000000100000000)
  eden space 5120K, 100% used [0x00000000d5580000,0x00000000d5a80000,0x00000000d5a80000)
  from space 1536K, 69% used [0x00000000d5a80000,0x00000000d5b89f20,0x00000000d5c00000)
  to   space 1536K, 0% used [0x00000000d5c00000,0x00000000d5c00000,0x00000000d5d80000)
 ParOldGen       total 784896K, used 784681K [0x0000000080000000, 0x00000000afe80000, 0x00000000d5580000)
  object space 784896K, 99% used [0x0000000080000000,0x00000000afe4a5e0,0x00000000afe80000)
 Metaspace       used 74101K, committed 75776K, reserved 1179648K
  class space    used 7971K, committed 8704K, reserved 1048576K
}
Event: 235.197 GC heap after
{Heap after GC invocations=1035 (full 3):
 PSYoungGen      total 6144K, used 563K [0x00000000d5580000, 0x00000000d5d00000, 0x0000000100000000)
  eden space 5120K, 0% used [0x00000000d5580000,0x00000000d5580000,0x00000000d5a80000)
  from space 1024K, 55% used [0x00000000d5c00000,0x00000000d5c8cf60,0x00000000d5d00000)
  to   space 1024K, 0% used [0x00000000d5b00000,0x00000000d5b00000,0x00000000d5c00000)
 ParOldGen       total 784896K, used 784721K [0x0000000080000000, 0x00000000afe80000, 0x00000000d5580000)
  object space 784896K, 99% used [0x0000000080000000,0x00000000afe545e0,0x00000000afe80000)
 Metaspace       used 74101K, committed 75776K, reserved 1179648K
  class space    used 7971K, committed 8704K, reserved 1048576K
}

Dll operation events (14 events):
Event: 0.445 Loaded shared library c:\Users\ramse\.vscode\extensions\redhat.java-1.50.0-win32-x64\jre\21.0.9-win32-x86_64\bin\java.dll
Event: 0.841 Loaded shared library c:\Users\ramse\.vscode\extensions\redhat.java-1.50.0-win32-x64\jre\21.0.9-win32-x86_64\bin\zip.dll
Event: 0.892 Loaded shared library C:\Users\ramse\.vscode\extensions\redhat.java-1.50.0-win32-x64\jre\21.0.9-win32-x86_64\bin\instrument.dll
Event: 1.056 Loaded shared library C:\Users\ramse\.vscode\extensions\redhat.java-1.50.0-win32-x64\jre\21.0.9-win32-x86_64\bin\net.dll
Event: 1.479 Loaded shared library C:\Users\ramse\.vscode\extensions\redhat.java-1.50.0-win32-x64\jre\21.0.9-win32-x86_64\bin\nio.dll
Event: 1.486 Loaded shared library C:\Users\ramse\.vscode\extensions\redhat.java-1.50.0-win32-x64\jre\21.0.9-win32-x86_64\bin\zip.dll
Event: 1.576 Loaded shared library C:\Users\ramse\.vscode\extensions\redhat.java-1.50.0-win32-x64\jre\21.0.9-win32-x86_64\bin\jimage.dll
Event: 1.989 Loaded shared library c:\Users\ramse\.vscode\extensions\redhat.java-1.50.0-win32-x64\jre\21.0.9-win32-x86_64\bin\verify.dll
Event: 21.942 Loaded shared library C:\Users\ramse\AppData\Roaming\Code\User\globalStorage\redhat.java\1.50.0\config_win\org.eclipse.equinox.launcher\org.eclipse.equinox.launcher.win32.win32.x86_64_1.2.1400.v20250801-0854\eclipse_11916.dll
Event: 46.488 Loaded shared library C:\Users\ramse\.vscode\extensions\redhat.java-1.50.0-win32-x64\jre\21.0.9-win32-x86_64\bin\management.dll
Event: 46.499 Loaded shared library C:\Users\ramse\.vscode\extensions\redhat.java-1.50.0-win32-x64\jre\21.0.9-win32-x86_64\bin\management_ext.dll
Event: 48.943 Loaded shared library C:\Users\ramse\AppData\Local\Temp\jna-108279536\jna17253747599542871818.dll
Event: 49.254 Loaded shared library C:\Users\ramse\.vscode\extensions\redhat.java-1.50.0-win32-x64\jre\21.0.9-win32-x86_64\bin\sunmscapi.dll
Event: 49.943 Loaded shared library C:\Users\ramse\.vscode\extensions\redhat.java-1.50.0-win32-x64\jre\21.0.9-win32-x86_64\bin\extnet.dll

Deoptimization events (20 events):
Event: 235.143 Thread 0x00000263ef981b10 DEOPT PACKING pc=0x00000263d4a62265 sp=0x0000008bf8bfdc10
Event: 235.143 Thread 0x00000263ef981b10 DEOPT UNPACKING pc=0x00000263da824242 sp=0x0000008bf8bfd098 mode 0
Event: 235.149 Thread 0x00000263ef981b10 DEOPT PACKING pc=0x00000263d4a62265 sp=0x0000008bf8bfdda0
Event: 235.149 Thread 0x00000263ef981b10 DEOPT UNPACKING pc=0x00000263da824242 sp=0x0000008bf8bfd228 mode 0
Event: 235.198 Thread 0x00000263f07e95b0 Uncommon trap: trap_request=0xffffffde fr.pc=0x00000263daf2d0e8 relative=0x0000000000007aa8
Event: 235.198 Thread 0x00000263f07e95b0 Uncommon trap: reason=class_check action=maybe_recompile pc=0x00000263daf2d0e8 method=lombok.patcher.PatchScript$MethodPatcher.visitMethod(ILjava/lang/String;Ljava/lang/String;Ljava/lang/String;[Ljava/lang/String;)Lorg/lombokweb/asm/MethodVisitor; @ 101 c
Event: 235.198 Thread 0x00000263f07e95b0 DEOPT PACKING pc=0x00000263daf2d0e8 sp=0x0000008bf9efbd70
Event: 235.198 Thread 0x00000263f07e95b0 DEOPT UNPACKING pc=0x00000263da823aa2 sp=0x0000008bf9efbd18 mode 2
Event: 235.209 Thread 0x00000263f07e95b0 Uncommon trap: trap_request=0xffffffde fr.pc=0x00000263daf2d0e8 relative=0x0000000000007aa8
Event: 235.209 Thread 0x00000263f07e95b0 Uncommon trap: reason=class_check action=maybe_recompile pc=0x00000263daf2d0e8 method=lombok.patcher.PatchScript$MethodPatcher.visitMethod(ILjava/lang/String;Ljava/lang/String;Ljava/lang/String;[Ljava/lang/String;)Lorg/lombokweb/asm/MethodVisitor; @ 101 c
Event: 235.209 Thread 0x00000263f07e95b0 DEOPT PACKING pc=0x00000263daf2d0e8 sp=0x0000008bf9efbd70
Event: 235.209 Thread 0x00000263f07e95b0 DEOPT UNPACKING pc=0x00000263da823aa2 sp=0x0000008bf9efbd18 mode 2
Event: 235.209 Thread 0x00000263f07e95b0 Uncommon trap: trap_request=0xffffffde fr.pc=0x00000263daf2d0e8 relative=0x0000000000007aa8
Event: 235.209 Thread 0x00000263f07e95b0 Uncommon trap: reason=class_check action=maybe_recompile pc=0x00000263daf2d0e8 method=lombok.patcher.PatchScript$MethodPatcher.visitMethod(ILjava/lang/String;Ljava/lang/String;Ljava/lang/String;[Ljava/lang/String;)Lorg/lombokweb/asm/MethodVisitor; @ 101 c
Event: 235.209 Thread 0x00000263f07e95b0 DEOPT PACKING pc=0x00000263daf2d0e8 sp=0x0000008bf9efbd70
Event: 235.209 Thread 0x00000263f07e95b0 DEOPT UNPACKING pc=0x00000263da823aa2 sp=0x0000008bf9efbd18 mode 2
Event: 235.209 Thread 0x00000263f07e95b0 Uncommon trap: trap_request=0xffffffde fr.pc=0x00000263daf2d0e8 relative=0x0000000000007aa8
Event: 235.209 Thread 0x00000263f07e95b0 Uncommon trap: reason=class_check action=maybe_recompile pc=0x00000263daf2d0e8 method=lombok.patcher.PatchScript$MethodPatcher.visitMethod(ILjava/lang/String;Ljava/lang/String;Ljava/lang/String;[Ljava/lang/String;)Lorg/lombokweb/asm/MethodVisitor; @ 101 c
Event: 235.209 Thread 0x00000263f07e95b0 DEOPT PACKING pc=0x00000263daf2d0e8 sp=0x0000008bf9efbd70
Event: 235.209 Thread 0x00000263f07e95b0 DEOPT UNPACKING pc=0x00000263da823aa2 sp=0x0000008bf9efbd18 mode 2

Classes loaded (20 events):
Event: 90.336 Loading class java/util/concurrent/ConcurrentHashMap$KeySpliterator
Event: 90.336 Loading class java/util/concurrent/ConcurrentHashMap$KeySpliterator done
Event: 90.657 Loading class java/io/CharArrayWriter
Event: 90.658 Loading class java/io/CharArrayWriter done
Event: 94.236 Loading class java/util/stream/ReduceOps$5
Event: 94.237 Loading class java/util/stream/ReduceOps$5 done
Event: 94.237 Loading class java/util/stream/ReduceOps$CountingSink$OfRef
Event: 94.237 Loading class java/util/stream/ReduceOps$CountingSink
Event: 94.237 Loading class java/util/stream/ReduceOps$CountingSink done
Event: 94.237 Loading class java/util/stream/ReduceOps$CountingSink$OfRef done
Event: 94.407 Loading class java/util/stream/ReduceOps$1
Event: 94.408 Loading class java/util/stream/ReduceOps$1 done
Event: 94.408 Loading class java/util/stream/ReduceOps$1ReducingSink
Event: 94.408 Loading class java/util/stream/ReduceOps$1ReducingSink done
Event: 124.521 Loading class java/util/concurrent/CompletableFuture$UniApply
Event: 124.528 Loading class java/util/concurrent/CompletableFuture$UniApply done
Event: 124.561 Loading class java/util/concurrent/CompletableFuture$UniExceptionally
Event: 124.566 Loading class java/util/concurrent/CompletableFuture$UniExceptionally done
Event: 233.821 Loading class java/lang/UnsupportedClassVersionError
Event: 233.825 Loading class java/lang/UnsupportedClassVersionError done

Classes unloaded (20 events):
Event: 47.496 Thread 0x00000263d0013120 Unloading class 0x00000263811a5400 'java/lang/invoke/LambdaForm$DMH+0x00000263811a5400'
Event: 47.496 Thread 0x00000263d0013120 Unloading class 0x00000263811a4000 'java/lang/invoke/LambdaForm$DMH+0x00000263811a4000'
Event: 49.348 Thread 0x00000263d0013120 Unloading class 0x0000026381305c00 'java/lang/invoke/LambdaForm$MH+0x0000026381305c00'
Event: 49.348 Thread 0x00000263d0013120 Unloading class 0x0000026381305400 'java/lang/invoke/LambdaForm$MH+0x0000026381305400'
Event: 49.348 Thread 0x00000263d0013120 Unloading class 0x0000026381304c00 'java/lang/invoke/LambdaForm$MH+0x0000026381304c00'
Event: 49.348 Thread 0x00000263d0013120 Unloading class 0x0000026381304400 'java/lang/invoke/LambdaForm$MH+0x0000026381304400'
Event: 49.348 Thread 0x00000263d0013120 Unloading class 0x0000026381304000 'java/lang/invoke/LambdaForm$DMH+0x0000026381304000'
Event: 49.348 Thread 0x00000263d0013120 Unloading class 0x0000026381303400 'java/lang/invoke/LambdaForm$MH+0x0000026381303400'
Event: 49.348 Thread 0x00000263d0013120 Unloading class 0x00000263812ffc00 'java/lang/invoke/LambdaForm$MH+0x00000263812ffc00'
Event: 49.348 Thread 0x00000263d0013120 Unloading class 0x00000263812ff400 'java/lang/invoke/LambdaForm$MH+0x00000263812ff400'
Event: 49.348 Thread 0x00000263d0013120 Unloading class 0x00000263812fec00 'java/lang/invoke/LambdaForm$MH+0x00000263812fec00'
Event: 49.348 Thread 0x00000263d0013120 Unloading class 0x00000263812fe800 'java/lang/invoke/LambdaForm$MH+0x00000263812fe800'
Event: 49.348 Thread 0x00000263d0013120 Unloading class 0x00000263812fe000 'java/lang/invoke/LambdaForm$MH+0x00000263812fe000'
Event: 49.348 Thread 0x00000263d0013120 Unloading class 0x00000263812fd400 'java/lang/invoke/LambdaForm$MH+0x00000263812fd400'
Event: 49.348 Thread 0x00000263d0013120 Unloading class 0x00000263812fcc00 'java/lang/invoke/LambdaForm$MH+0x00000263812fcc00'
Event: 49.348 Thread 0x00000263d0013120 Unloading class 0x00000263812fc400 'java/lang/invoke/LambdaForm$MH+0x00000263812fc400'
Event: 81.101 Thread 0x00000263d0013120 Unloading class 0x00000263816a0800 'java/lang/invoke/LambdaForm$DMH+0x00000263816a0800'
Event: 81.101 Thread 0x00000263d0013120 Unloading class 0x000002638169bc00 'java/lang/invoke/LambdaForm$DMH+0x000002638169bc00'
Event: 81.101 Thread 0x00000263d0013120 Unloading class 0x00000263816a0000 'java/lang/invoke/LambdaForm$DMH+0x00000263816a0000'
Event: 81.101 Thread 0x00000263d0013120 Unloading class 0x00000263816a0400 'java/lang/invoke/LambdaForm$DMH+0x00000263816a0400'

Classes redefined (0 events):
No events

Internal exceptions (20 events):
Event: 128.114 Thread 0x00000263ed301540 Exception <a 'sun/nio/fs/WindowsException'{0x00000000d5907018}> (0x00000000d5907018) 
thrown [s\src\hotspot\share\prims\jni.cpp, line 520]
Event: 128.117 Thread 0x00000263ed301540 Exception <a 'sun/nio/fs/WindowsException'{0x00000000d591f778}> (0x00000000d591f778) 
thrown [s\src\hotspot\share\prims\jni.cpp, line 520]
Event: 128.117 Thread 0x00000263ed301540 Exception <a 'sun/nio/fs/WindowsException'{0x00000000d591ffc8}> (0x00000000d591ffc8) 
thrown [s\src\hotspot\share\prims\jni.cpp, line 520]
Event: 128.117 Thread 0x00000263ed301540 Exception <a 'sun/nio/fs/WindowsException'{0x00000000d5921420}> (0x00000000d5921420) 
thrown [s\src\hotspot\share\prims\jni.cpp, line 520]
Event: 128.118 Thread 0x00000263ed301540 Exception <a 'sun/nio/fs/WindowsException'{0x00000000d5921b30}> (0x00000000d5921b30) 
thrown [s\src\hotspot\share\prims\jni.cpp, line 520]
Event: 128.118 Thread 0x00000263ed301540 Exception <a 'sun/nio/fs/WindowsException'{0x00000000d5922d38}> (0x00000000d5922d38) 
thrown [s\src\hotspot\share\prims\jni.cpp, line 520]
Event: 128.118 Thread 0x00000263ed301540 Exception <a 'sun/nio/fs/WindowsException'{0x00000000d59237c8}> (0x00000000d59237c8) 
thrown [s\src\hotspot\share\prims\jni.cpp, line 520]
Event: 233.358 Thread 0x00000263ef985620 Exception <a 'java/lang/IncompatibleClassChangeError'{0x00000000d55911f8}: Found class java.lang.Object, but interface was expected> (0x00000000d55911f8) 
thrown [s\src\hotspot\share\interpreter\linkResolver.cpp, line 840]
Event: 233.413 Thread 0x00000263f07e95b0 Exception <a 'sun/nio/fs/WindowsException'{0x00000000d55c5298}> (0x00000000d55c5298) 
thrown [s\src\hotspot\share\prims\jni.cpp, line 520]
Event: 233.427 Thread 0x00000263f07e95b0 Exception <a 'sun/nio/fs/WindowsException'{0x00000000d55c5a10}> (0x00000000d55c5a10) 
thrown [s\src\hotspot\share\prims\jni.cpp, line 520]
Event: 233.428 Thread 0x00000263ef985620 Exception <a 'java/lang/IncompatibleClassChangeError'{0x00000000d55e2598}: Found class java.lang.Object, but interface was expected> (0x00000000d55e2598) 
thrown [s\src\hotspot\share\interpreter\linkResolver.cpp, line 840]
Event: 233.439 Thread 0x00000263f07e95b0 Exception <a 'sun/nio/fs/WindowsException'{0x00000000d55e9fd0}> (0x00000000d55e9fd0) 
thrown [s\src\hotspot\share\prims\jni.cpp, line 520]
Event: 233.440 Thread 0x00000263f07e95b0 Exception <a 'sun/nio/fs/WindowsException'{0x00000000d55ea6e0}> (0x00000000d55ea6e0) 
thrown [s\src\hotspot\share\prims\jni.cpp, line 520]
Event: 233.477 Thread 0x00000263ef985620 Exception <a 'java/lang/IncompatibleClassChangeError'{0x00000000d56352f0}: Found class java.lang.Object, but interface was expected> (0x00000000d56352f0) 
thrown [s\src\hotspot\share\interpreter\linkResolver.cpp, line 840]
Event: 233.503 Thread 0x00000263ef986340 Exception <a 'java/lang/NoSuchMethodError'{0x00000000d5688230}: 'java.lang.Object java.lang.invoke.DirectMethodHandle$Holder.invokeSpecial(java.lang.Object, java.lang.Object, int, long)'> (0x00000000d5688230) 
thrown [s\src\hotspot\share\interpreter\linkResolver.cpp, line 773]
Event: 233.560 Thread 0x00000263ef985620 Exception <a 'java/lang/IncompatibleClassChangeError'{0x00000000d56e5ea0}: Found class java.lang.Object, but interface was expected> (0x00000000d56e5ea0) 
thrown [s\src\hotspot\share\interpreter\linkResolver.cpp, line 840]
Event: 233.568 Thread 0x00000263f07ea2d0 Exception <a 'java/lang/NoSuchMethodError'{0x00000000d5754048}: 'java.lang.Object java.lang.invoke.DirectMethodHandle$Holder.invokeSpecial(java.lang.Object, java.lang.Object, java.lang.Object, java.lang.Object, int, java.lang.Object, java.lang.Object)'> (0x00000000d5754048) 
thrown [s\src\hotspot\share\interpreter\linkResolver.cpp, line 773]
Event: 233.569 Thread 0x00000263f07e9c40 Exception <a 'java/lang/NoSuchMethodError'{0x00000000d575b2c0}: 'java.lang.Object java.lang.invoke.DirectMethodHandle$Holder.invokeSpecial(java.lang.Object, java.lang.Object, java.lang.Object, java.lang.Object, int, java.lang.Object, java.lang.Object)'> (0x00000000d575b2c0) 
thrown [s\src\hotspot\share\interpreter\linkResolver.cpp, line 773]
Event: 233.853 Thread 0x00000263ef985620 Exception <a 'java/lang/IncompatibleClassChangeError'{0x00000000d58c5a80}: Found class java.lang.Object, but interface was expected> (0x00000000d58c5a80) 
thrown [s\src\hotspot\share\interpreter\linkResolver.cpp, line 840]
Event: 233.972 Thread 0x00000263f07e95b0 Exception <a 'java/lang/NoSuchMethodError'{0x00000000d5a9baa0}: 'int java.lang.invoke.Invokers$Holder.invokeExact_MT(java.lang.Object, java.lang.Object)'> (0x00000000d5a9baa0) 
thrown [s\src\hotspot\share\interpreter\linkResolver.cpp, line 773]

ZGC Phase Switch (0 events):
No events

VM Operations (20 events):
Event: 233.330 Executing VM operation: ParallelGCFailedAllocation (Allocation Failure) done
Event: 233.730 Executing VM operation: ParallelGCFailedAllocation (Allocation Failure)
Event: 233.738 Executing VM operation: ParallelGCFailedAllocation (Allocation Failure) done
Event: 234.135 Executing VM operation: ParallelGCFailedAllocation (Allocation Failure)
Event: 234.135 Executing VM operation: ParallelGCFailedAllocation (Allocation Failure) done
Event: 234.135 Executing VM operation: ParallelGCSystemGC (GCLocker Initiated GC)
Event: 234.142 Executing VM operation: ParallelGCSystemGC (GCLocker Initiated GC) done
Event: 234.674 Executing VM operation: ParallelGCFailedAllocation (Allocation Failure)
Event: 234.707 Executing VM operation: ParallelGCFailedAllocation (Allocation Failure) done
Event: 235.005 Executing VM operation: ParallelGCFailedAllocation (Allocation Failure)
Event: 235.035 Executing VM operation: ParallelGCFailedAllocation (Allocation Failure) done
Event: 235.126 Executing VM operation: ParallelGCFailedAllocation (Allocation Failure)
Event: 235.134 Executing VM operation: ParallelGCFailedAllocation (Allocation Failure) done
Event: 235.154 Executing VM operation: ParallelGCFailedAllocation (Allocation Failure)
Event: 235.160 Executing VM operation: ParallelGCFailedAllocation (Allocation Failure) done
Event: 235.187 Executing VM operation: ParallelGCFailedAllocation (Allocation Failure)
Event: 235.197 Executing VM operation: ParallelGCFailedAllocation (Allocation Failure) done
Event: 236.200 Executing VM operation: Cleanup
Event: 236.200 Executing VM operation: Cleanup done
Event: 236.241 Executing VM operation: ParallelGCFailedAllocation (Allocation Failure)

Memory protections (0 events):
No events

Nmethod flushes (20 events):
Event: 81.136 Thread 0x00000263d0013120 flushing  nmethod 0x00000263d3bee790
Event: 81.136 Thread 0x00000263d0013120 flushing  nmethod 0x00000263d3bef310
Event: 81.136 Thread 0x00000263d0013120 flushing  nmethod 0x00000263d3bf0210
Event: 81.136 Thread 0x00000263d0013120 flushing  nmethod 0x00000263d3bf0590
Event: 81.136 Thread 0x00000263d0013120 flushing  nmethod 0x00000263d3bf2b10
Event: 81.136 Thread 0x00000263d0013120 flushing  nmethod 0x00000263d3bff290
Event: 81.136 Thread 0x00000263d0013120 flushing  nmethod 0x00000263d3c0b410
Event: 81.136 Thread 0x00000263d0013120 flushing  nmethod 0x00000263d3c0bf10
Event: 81.136 Thread 0x00000263d0013120 flushing  nmethod 0x00000263d3c0c690
Event: 81.136 Thread 0x00000263d0013120 flushing  nmethod 0x00000263d3c0cb10
Event: 81.136 Thread 0x00000263d0013120 flushing  nmethod 0x00000263d3c0d010
Event: 81.136 Thread 0x00000263d0013120 flushing  nmethod 0x00000263d3c0d710
Event: 81.136 Thread 0x00000263d0013120 flushing  nmethod 0x00000263d3c0db10
Event: 81.136 Thread 0x00000263d0013120 flushing  nmethod 0x00000263d3c0de90
Event: 81.136 Thread 0x00000263d0013120 flushing  nmethod 0x00000263d3c10910
Event: 81.136 Thread 0x00000263d0013120 flushing  nmethod 0x00000263d3c10d10
Event: 81.136 Thread 0x00000263d0013120 flushing  nmethod 0x00000263d3c11110
Event: 81.136 Thread 0x00000263d0013120 flushing  nmethod 0x00000263d3c11690
Event: 81.136 Thread 0x00000263d0013120 flushing  nmethod 0x00000263d3c12790
Event: 81.136 Thread 0x00000263d0013120 flushing  nmethod 0x00000263d3c15290

Events (20 events):
Event: 90.506 Thread 0x00000263f07e8890 Thread exited: 0x00000263f07e8890
Event: 90.506 Thread 0x00000263f07e95b0 Thread exited: 0x00000263f07e95b0
Event: 90.506 Thread 0x00000263f07e8f20 Thread exited: 0x00000263f07e8f20
Event: 90.506 Thread 0x00000263f07e5410 Thread exited: 0x00000263f07e5410
Event: 90.506 Thread 0x00000263f07e4d80 Thread exited: 0x00000263f07e4d80
Event: 124.521 Thread 0x00000263ef981b10 Thread added: 0x00000263f07ea2d0
Event: 124.522 Thread 0x00000263ef981b10 Thread added: 0x00000263f07ea960
Event: 124.522 Thread 0x00000263f07ea2d0 Thread added: 0x00000263f07eaff0
Event: 124.523 Thread 0x00000263f07ea960 Thread added: 0x00000263f07e95b0
Event: 124.523 Thread 0x00000263f07e95b0 Thread added: 0x00000263f07e9c40
Event: 124.524 Thread 0x00000263f07eaff0 Thread added: 0x00000263ef984270
Event: 124.524 Thread 0x00000263ef984270 Thread added: 0x00000263ef985cb0
Event: 150.421 Thread 0x00000263f07e7b70 Thread exited: 0x00000263f07e7b70
Event: 186.286 Thread 0x00000263ed303610 Thread exited: 0x00000263ed303610
Event: 187.999 Thread 0x00000263ed303ca0 Thread exited: 0x00000263ed303ca0
Event: 188.129 Thread 0x00000263ed302260 Thread exited: 0x00000263ed302260
Event: 188.285 Thread 0x00000263ef984270 Thread exited: 0x00000263ef984270
Event: 230.968 Thread 0x00000263ed3028f0 Thread added: 0x00000263ef986340
Event: 233.331 Thread 0x00000263ef986340 Thread added: 0x00000263ef987060
Event: 233.878 Thread 0x00000263f07e9c40 Thread added: 0x00000263ef984270


Dynamic libraries:
0x00007ff7b9000000 - 0x00007ff7b900e000 	c:\Users\ramse\.vscode\extensions\redhat.java-1.50.0-win32-x64\jre\21.0.9-win32-x86_64\bin\java.exe
0x00007ffa93cc0000 - 0x00007ffa93f27000 	C:\WINDOWS\SYSTEM32\ntdll.dll
0x00007ffa91d40000 - 0x00007ffa91e09000 	C:\WINDOWS\System32\KERNEL32.DLL
0x00007ffa911d0000 - 0x00007ffa915bf000 	C:\WINDOWS\System32\KERNELBASE.dll
0x00007ffa8db10000 - 0x00007ffa8dbaf000 	C:\WINDOWS\SYSTEM32\apphelp.dll
0x00007ffa91790000 - 0x00007ffa918db000 	C:\WINDOWS\System32\ucrtbase.dll
0x00007ffa82600000 - 0x00007ffa8261e000 	c:\Users\ramse\.vscode\extensions\redhat.java-1.50.0-win32-x64\jre\21.0.9-win32-x86_64\bin\VCRUNTIME140.dll
0x00007ffa825d0000 - 0x00007ffa825e8000 	c:\Users\ramse\.vscode\extensions\redhat.java-1.50.0-win32-x64\jre\21.0.9-win32-x86_64\bin\jli.dll
0x00007ffa93300000 - 0x00007ffa934c5000 	C:\WINDOWS\System32\USER32.dll
0x00007ffa91030000 - 0x00007ffa91057000 	C:\WINDOWS\System32\win32u.dll
0x00007ffa7d620000 - 0x00007ffa7d8b3000 	C:\WINDOWS\WinSxS\amd64_microsoft.windows.common-controls_6595b64144ccf1df_6.0.26100.7309_none_3e05feeae336a044\COMCTL32.dll
0x00007ffa91e80000 - 0x00007ffa91f29000 	C:\WINDOWS\System32\msvcrt.dll
0x00007ffa92a00000 - 0x00007ffa92a2b000 	C:\WINDOWS\System32\GDI32.dll
0x00007ffa91660000 - 0x00007ffa9178c000 	C:\WINDOWS\System32\gdi32full.dll
0x00007ffa90e10000 - 0x00007ffa90eb3000 	C:\WINDOWS\System32\msvcp_win.dll
0x00007ffa91d00000 - 0x00007ffa91d31000 	C:\WINDOWS\System32\IMM32.DLL
0x00007ffa8bd50000 - 0x00007ffa8bd5c000 	c:\Users\ramse\.vscode\extensions\redhat.java-1.50.0-win32-x64\jre\21.0.9-win32-x86_64\bin\vcruntime140_1.dll
0x00007ffa68f40000 - 0x00007ffa68fcd000 	c:\Users\ramse\.vscode\extensions\redhat.java-1.50.0-win32-x64\jre\21.0.9-win32-x86_64\bin\msvcp140.dll
0x00007ff9f1590000 - 0x00007ff9f2330000 	c:\Users\ramse\.vscode\extensions\redhat.java-1.50.0-win32-x64\jre\21.0.9-win32-x86_64\bin\server\jvm.dll
0x00007ffa93210000 - 0x00007ffa932c4000 	C:\WINDOWS\System32\ADVAPI32.dll
0x00007ffa91f80000 - 0x00007ffa92026000 	C:\WINDOWS\System32\sechost.dll
0x00007ffa934d0000 - 0x00007ffa935e8000 	C:\WINDOWS\System32\RPCRT4.dll
0x00007ffa92a30000 - 0x00007ffa92aa4000 	C:\WINDOWS\System32\WS2_32.dll
0x00007ffa90c70000 - 0x00007ffa90cce000 	C:\WINDOWS\SYSTEM32\POWRPROF.dll
0x00007ffa88f40000 - 0x00007ffa88f4b000 	C:\WINDOWS\SYSTEM32\VERSION.dll
0x00007ffa887d0000 - 0x00007ffa88805000 	C:\WINDOWS\SYSTEM32\WINMM.dll
0x00007ffa90c40000 - 0x00007ffa90c54000 	C:\WINDOWS\SYSTEM32\UMPDC.dll
0x00007ffa8fa50000 - 0x00007ffa8fa6b000 	C:\WINDOWS\SYSTEM32\kernel.appcore.dll
0x00007ffa8bc80000 - 0x00007ffa8bc8a000 	c:\Users\ramse\.vscode\extensions\redhat.java-1.50.0-win32-x64\jre\21.0.9-win32-x86_64\bin\jimage.dll
0x00007ffa826a0000 - 0x00007ffa828e2000 	C:\WINDOWS\SYSTEM32\DBGHELP.DLL
0x00007ffa92030000 - 0x00007ffa923b5000 	C:\WINDOWS\System32\combase.dll
0x00007ffa92540000 - 0x00007ffa92616000 	C:\WINDOWS\System32\OLEAUT32.dll
0x00007ffa68ca0000 - 0x00007ffa68cdc000 	C:\WINDOWS\SYSTEM32\dbgcore.DLL
0x00007ffa90ec0000 - 0x00007ffa90f65000 	C:\WINDOWS\System32\bcryptPrimitives.dll
0x00007ffa82690000 - 0x00007ffa8269f000 	c:\Users\ramse\.vscode\extensions\redhat.java-1.50.0-win32-x64\jre\21.0.9-win32-x86_64\bin\instrument.dll
0x00007ffa7beb0000 - 0x00007ffa7bed0000 	c:\Users\ramse\.vscode\extensions\redhat.java-1.50.0-win32-x64\jre\21.0.9-win32-x86_64\bin\java.dll
0x00007ffa92ab0000 - 0x00007ffa93203000 	C:\WINDOWS\System32\SHELL32.dll
0x00007ffa91060000 - 0x00007ffa911ca000 	C:\WINDOWS\System32\wintypes.dll
0x00007ffa8e6c0000 - 0x00007ffa8ef1e000 	C:\WINDOWS\SYSTEM32\windows.storage.dll
0x00007ffa91a60000 - 0x00007ffa91b55000 	C:\WINDOWS\System32\SHCORE.dll
0x00007ffa91e10000 - 0x00007ffa91e76000 	C:\WINDOWS\System32\shlwapi.dll
0x00007ffa90d30000 - 0x00007ffa90d59000 	C:\WINDOWS\SYSTEM32\profapi.dll
0x00007ffa7a660000 - 0x00007ffa7a678000 	c:\Users\ramse\.vscode\extensions\redhat.java-1.50.0-win32-x64\jre\21.0.9-win32-x86_64\bin\zip.dll
0x00007ffa7df20000 - 0x00007ffa7df30000 	C:\Users\ramse\.vscode\extensions\redhat.java-1.50.0-win32-x64\jre\21.0.9-win32-x86_64\bin\net.dll
0x00007ffa8fa70000 - 0x00007ffa8fb98000 	C:\WINDOWS\SYSTEM32\WINHTTP.dll
0x00007ffa900d0000 - 0x00007ffa9013b000 	C:\WINDOWS\system32\mswsock.dll
0x00007ffa6db30000 - 0x00007ffa6db46000 	C:\Users\ramse\.vscode\extensions\redhat.java-1.50.0-win32-x64\jre\21.0.9-win32-x86_64\bin\nio.dll
0x00007ffa7ddb0000 - 0x00007ffa7ddc0000 	c:\Users\ramse\.vscode\extensions\redhat.java-1.50.0-win32-x64\jre\21.0.9-win32-x86_64\bin\verify.dll
0x00007ffa66820000 - 0x00007ffa66864000 	C:\Users\ramse\AppData\Roaming\Code\User\globalStorage\redhat.java\1.50.0\config_win\org.eclipse.equinox.launcher\org.eclipse.equinox.launcher.win32.win32.x86_64_1.2.1400.v20250801-0854\eclipse_11916.dll
0x00007ffa91b60000 - 0x00007ffa91cf7000 	C:\WINDOWS\System32\ole32.dll
0x00007ffa6f370000 - 0x00007ffa6f37a000 	C:\Users\ramse\.vscode\extensions\redhat.java-1.50.0-win32-x64\jre\21.0.9-win32-x86_64\bin\management.dll
0x00007ffa6e5a0000 - 0x00007ffa6e5ac000 	C:\Users\ramse\.vscode\extensions\redhat.java-1.50.0-win32-x64\jre\21.0.9-win32-x86_64\bin\management_ext.dll
0x00007ffa932d0000 - 0x00007ffa932d8000 	C:\WINDOWS\System32\PSAPI.DLL
0x00007ffa904c0000 - 0x00007ffa904db000 	C:\WINDOWS\SYSTEM32\CRYPTSP.dll
0x00007ffa8f9b0000 - 0x00007ffa8f9ea000 	C:\WINDOWS\system32\rsaenh.dll
0x00007ffa90180000 - 0x00007ffa901ab000 	C:\WINDOWS\SYSTEM32\USERENV.dll
0x00007ffa90d00000 - 0x00007ffa90d2a000 	C:\WINDOWS\SYSTEM32\bcrypt.dll
0x00007ffa904a0000 - 0x00007ffa904ac000 	C:\WINDOWS\SYSTEM32\CRYPTBASE.dll
0x00007ffa8f200000 - 0x00007ffa8f234000 	C:\WINDOWS\SYSTEM32\IPHLPAPI.DLL
0x00007ffa92430000 - 0x00007ffa9243a000 	C:\WINDOWS\System32\NSI.dll
0x00007ffa6a420000 - 0x00007ffa6a469000 	C:\Users\ramse\AppData\Local\Temp\jna-108279536\jna17253747599542871818.dll
0x00007ffa88f50000 - 0x00007ffa88f6e000 	C:\WINDOWS\SYSTEM32\dhcpcsvc6.DLL
0x00007ffa88bd0000 - 0x00007ffa88bf3000 	C:\WINDOWS\SYSTEM32\dhcpcsvc.DLL
0x00007ffa7df60000 - 0x00007ffa7df6e000 	C:\Users\ramse\.vscode\extensions\redhat.java-1.50.0-win32-x64\jre\21.0.9-win32-x86_64\bin\sunmscapi.dll
0x00007ffa918e0000 - 0x00007ffa91a57000 	C:\WINDOWS\System32\CRYPT32.dll
0x00007ffa90610000 - 0x00007ffa90640000 	C:\WINDOWS\SYSTEM32\ncrypt.dll
0x00007ffa905c0000 - 0x00007ffa905ff000 	C:\WINDOWS\SYSTEM32\NTASN1.dll
0x00007ffa8f240000 - 0x00007ffa8f36c000 	C:\WINDOWS\SYSTEM32\DNSAPI.dll
0x00007ffa88f80000 - 0x00007ffa88f8b000 	C:\Windows\System32\rasadhlp.dll
0x00007ffa85800000 - 0x00007ffa85886000 	C:\WINDOWS\System32\fwpuclnt.dll
0x00007ffa6e460000 - 0x00007ffa6e469000 	C:\Users\ramse\.vscode\extensions\redhat.java-1.50.0-win32-x64\jre\21.0.9-win32-x86_64\bin\extnet.dll

JVMTI agents:
c:\Users\ramse\.vscode\extensions\redhat.java-1.50.0-win32-x64\lombok\lombok-1.18.39-4050.jar path:c:\Users\ramse\.vscode\extensions\redhat.java-1.50.0-win32-x64\jre\21.0.9-win32-x86_64\bin\instrument.dll, loaded, initialized, instrumentlib options:none

dbghelp: loaded successfully - version: 4.0.5 - missing functions: none
symbol engine: initialized successfully - sym options: 0x614 - pdb path: .;c:\Users\ramse\.vscode\extensions\redhat.java-1.50.0-win32-x64\jre\21.0.9-win32-x86_64\bin;C:\WINDOWS\SYSTEM32;C:\WINDOWS\WinSxS\amd64_microsoft.windows.common-controls_6595b64144ccf1df_6.0.26100.7309_none_3e05feeae336a044;c:\Users\ramse\.vscode\extensions\redhat.java-1.50.0-win32-x64\jre\21.0.9-win32-x86_64\bin\server;C:\Users\ramse\AppData\Roaming\Code\User\globalStorage\redhat.java\1.50.0\config_win\org.eclipse.equinox.launcher\org.eclipse.equinox.launcher.win32.win32.x86_64_1.2.1400.v20250801-0854;C:\Users\ramse\AppData\Local\Temp\jna-108279536

VM Arguments:
jvm_args: --add-modules=ALL-SYSTEM --add-opens=java.base/java.util=ALL-UNNAMED --add-opens=java.base/java.lang=ALL-UNNAMED --add-opens=java.base/sun.nio.fs=ALL-UNNAMED -Declipse.application=org.eclipse.jdt.ls.core.id1 -Dosgi.bundles.defaultStartLevel=4 -Declipse.product=org.eclipse.jdt.ls.core.product -Djava.import.generatesMetadataFilesAtProjectRoot=false -DDetectVMInstallationsJob.disabled=true -Dfile.encoding=utf8 -XX:+UseParallelGC -XX:GCTimeRatio=4 -XX:AdaptiveSizePolicyWeight=90 -Dsun.zip.disableMemoryMapping=true -Xmx2G -Xms100m -Xlog:disable -javaagent:c:\Users\ramse\.vscode\extensions\redhat.java-1.50.0-win32-x64\lombok\lombok-1.18.39-4050.jar -XX:+HeapDumpOnOutOfMemoryError -XX:HeapDumpPath=c:\Users\ramse\AppData\Roaming\Code\User\workspaceStorage\cfeb0354b5aa98abce98fa9a66cc9c2b\redhat.java -Daether.dependencyCollector.impl=bf 
java_command: c:\Users\ramse\.vscode\extensions\redhat.java-1.50.0-win32-x64\server\plugins\org.eclipse.equinox.launcher_1.7.100.v20251111-0406.jar -configuration c:\Users\ramse\AppData\Roaming\Code\User\globalStorage\redhat.java\1.50.0\config_win -data c:\Users\ramse\AppData\Roaming\Code\User\workspaceStorage\cfeb0354b5aa98abce98fa9a66cc9c2b\redhat.java\jdt_ws --pipe=\\.\pipe\lsp-935b60e9e468d9ca36607ce8ad934a77-sock
java_class_path (initial): c:\Users\ramse\.vscode\extensions\redhat.java-1.50.0-win32-x64\server\plugins\org.eclipse.equinox.launcher_1.7.100.v20251111-0406.jar
Launcher Type: SUN_STANDARD

[Global flags]
    uintx AdaptiveSizePolicyWeight                 = 90                                        {product} {command line}
     intx CICompilerCount                          = 4                                         {product} {ergonomic}
    uintx GCTimeRatio                              = 4                                         {product} {command line}
     bool HeapDumpOnOutOfMemoryError               = true                                   {manageable} {command line}
    ccstr HeapDumpPath                             = c:\Users\ramse\AppData\Roaming\Code\User\workspaceStorage\cfeb0354b5aa98abce98fa9a66cc9c2b\redhat.java         {manageable} {command line}
   size_t InitialHeapSize                          = 104857600                                 {product} {command line}
   size_t MaxHeapSize                              = 2147483648                                {product} {command line}
   size_t MaxNewSize                               = 715653120                                 {product} {ergonomic}
   size_t MinHeapDeltaBytes                        = 524288                                    {product} {ergonomic}
   size_t MinHeapSize                              = 104857600                                 {product} {command line}
   size_t NewSize                                  = 34603008                                  {product} {ergonomic}
    uintx NonNMethodCodeHeapSize                   = 5839372                                {pd product} {ergonomic}
    uintx NonProfiledCodeHeapSize                  = 122909434                              {pd product} {ergonomic}
   size_t OldSize                                  = 70254592                                  {product} {ergonomic}
    uintx ProfiledCodeHeapSize                     = 122909434                              {pd product} {ergonomic}
    uintx ReservedCodeCacheSize                    = 251658240                              {pd product} {ergonomic}
     bool SegmentedCodeCache                       = true                                      {product} {ergonomic}
   size_t SoftMaxHeapSize                          = 2147483648                             {manageable} {ergonomic}
     bool UseCompressedOops                        = true                           {product lp64_product} {ergonomic}
     bool UseLargePagesIndividualAllocation        = false                                  {pd product} {ergonomic}
     bool UseParallelGC                            = true                                      {product} {command line}

Logging:
Log output configuration:
 #0: stdout all=off uptime,level,tags foldmultilines=false
 #1: stderr all=off uptime,level,tags foldmultilines=false

Release file:
JAVA_VERSION="21.0.9" 
MODULES="java.base java.compiler java.datatransfer java.xml java.prefs java.desktop java.instrument java.logging java.management java.security.sasl java.naming java.rmi java.management.rmi java.net.http java.scripting java.security.jgss java.transaction.xa java.sql java.sql.rowset java.xml.crypto java.se java.smartcardio jdk.accessibility jdk.internal.jvmstat jdk.attach jdk.charsets jdk.internal.opt jdk.zipfs jdk.compiler jdk.crypto.ec jdk.crypto.cryptoki jdk.crypto.mscapi jdk.dynalink jdk.internal.ed jdk.editpad jdk.hotspot.agent jdk.httpserver jdk.internal.le jdk.internal.vm.ci jdk.internal.vm.compiler jdk.internal.vm.compiler.management jdk.jartool jdk.javadoc jdk.jcmd jdk.management jdk.management.agent jdk.jconsole jdk.jdeps jdk.jdwp.agent jdk.jdi jdk.jfr jdk.jshell jdk.jsobject jdk.jstatd jdk.localedata jdk.management.jfr jdk.naming.dns jdk.naming.rmi jdk.net jdk.nio.mapmode jdk.random jdk.sctp jdk.security.auth jdk.security.jgss jdk.unsupported jdk.unsupported.desktop jdk.xml.dom" 

Environment Variables:
PATH=C:\Program Files\Eclipse Adoptium\jdk-21.0.8.9-hotspot\bin;C:\app\ramse\product\21c\dbhomeXE\bin;C:\WINDOWS\system32;C:\WINDOWS;C:\WINDOWS\System32\Wbem;C:\WINDOWS\System32\WindowsPowerShell\v1.0\;C:\WINDOWS\System32\OpenSSH\;C:\Program Files\Git\cmd;C:\Users\ramse\Documents\Workspace\apache-maven-3.9.11\bin;C:\Program Files\PuTTY\;C:\ProgramData\chocolatey\bin;C:\Program Files\nodejs\;C:\Users\ramse\AppData\Local\Microsoft\WindowsApps;C:\Users\ramse\AppData\Local\Programs\Microsoft VS Code\bin;C:\Users\ramse\AppData\Roaming\npm
USERNAME=ramse
OS=Windows_NT
PROCESSOR_IDENTIFIER=AMD64 Family 23 Model 24 Stepping 1, AuthenticAMD
TMP=C:\Users\ramse\AppData\Local\Temp
TEMP=C:\Users\ramse\AppData\Local\Temp




Periodic native trim disabled

---------------  S Y S T E M  ---------------

OS:
 Windows 11 , 64 bit Build 26100 (10.0.26100.7309)
OS uptime: 0 days 3:13 hours
Hyper-V role detected

CPU: total 8 (initial active 8) (8 cores per cpu, 2 threads per core) family 23 model 24 stepping 1 microcode 0x8108109, cx8, cmov, fxsr, ht, mmx, 3dnowpref, sse, sse2, sse3, ssse3, sse4a, sse4.1, sse4.2, popcnt, lzcnt, tsc, tscinvbit, avx, avx2, aes, clmul, bmi1, bmi2, adx, sha, fma, vzeroupper, clflush, clflushopt, hv, rdtscp, f16c
Processor Information for the first 8 processors :
  Max Mhz: 2100, Current Mhz: 2100, Mhz Limit: 2100

Memory: 4k page, system-wide physical 3460M (229M free)
TotalPageFile size 11652M (AvailPageFile size 34M)
current process WorkingSet (physical memory assigned to process): 207M, peak: 854M
current process commit charge ("private bytes"): 1082M, peak: 1082M

vm_info: OpenJDK 64-Bit Server VM (21.0.9+10-LTS) for windows-amd64 JRE (21.0.9+10-LTS), built on 2025-10-21T00:00:00Z by "admin" with unknown MS VC++:1942

END.
