#
# There is insufficient memory for the Java Runtime Environment to continue.
# Native memory allocation (malloc) failed to allocate 1048576 bytes. Error detail: AllocateHeap
# Possible reasons:
#   The system is out of physical RAM or swap space
#   This process is running with CompressedOops enabled, and the Java Heap may be blocking the growth of the native heap
# Possible solutions:
#   Reduce memory load on the system
#   Increase physical memory or swap space
#   Check if swap backing store is full
#   Decrease Java heap size (-Xmx/-Xms)
#   Decrease number of Java threads
#   Decrease Java thread stack sizes (-Xss)
#   Set larger code cache with -XX:ReservedCodeCacheSize=
#   JVM is running with Unscaled Compressed Oops mode in which the Java heap is
#     placed in the first 4GB address space. The Java Heap base address is the
#     maximum limit for the native heap growth. Please use -XX:HeapBaseMinAddress
#     to set the Java Heap base and to place the Java Heap above 4GB virtual address.
# This output file may be truncated or incomplete.
#
#  Out of Memory Error (allocation.cpp:44), pid=2148, tid=4104
#
# JRE version: OpenJDK Runtime Environment Temurin-21.0.9+10 (21.0.9+10) (build 21.0.9+10-LTS)
# Java VM: OpenJDK 64-Bit Server VM Temurin-21.0.9+10 (21.0.9+10-LTS, mixed mode, sharing, tiered, compressed oops, compressed class ptrs, parallel gc, windows-amd64)
# No core dump will be written. Minidumps are not enabled by default on client versions of Windows
#

---------------  S U M M A R Y ------------

Command Line: --add-modules=ALL-SYSTEM --add-opens=java.base/java.util=ALL-UNNAMED --add-opens=java.base/java.lang=ALL-UNNAMED --add-opens=java.base/sun.nio.fs=ALL-UNNAMED -Declipse.application=org.eclipse.jdt.ls.core.id1 -Dosgi.bundles.defaultStartLevel=4 -Declipse.product=org.eclipse.jdt.ls.core.product -Djava.import.generatesMetadataFilesAtProjectRoot=false -DDetectVMInstallationsJob.disabled=true -Dfile.encoding=utf8 -XX:+UseParallelGC -XX:GCTimeRatio=4 -XX:AdaptiveSizePolicyWeight=90 -Dsun.zip.disableMemoryMapping=true -Xmx2G -Xms100m -Xlog:disable -javaagent:c:\Users\ramse\.vscode\extensions\redhat.java-1.50.0-win32-x64\lombok\lombok-1.18.39-4050.jar -XX:+HeapDumpOnOutOfMemoryError -XX:HeapDumpPath=c:\Users\ramse\AppData\Roaming\Code\User\workspaceStorage\cfeb0354b5aa98abce98fa9a66cc9c2b\redhat.java -Daether.dependencyCollector.impl=bf c:\Users\ramse\.vscode\extensions\redhat.java-1.50.0-win32-x64\server\plugins\org.eclipse.equinox.launcher_1.7.100.v20251111-0406.jar -configuration c:\Users\ramse\AppData\Roaming\Code\User\globalStorage\redhat.java\1.50.0\config_win -data c:\Users\ramse\AppData\Roaming\Code\User\workspaceStorage\cfeb0354b5aa98abce98fa9a66cc9c2b\redhat.java\jdt_ws --pipe=\\.\pipe\lsp-e97b4ef22d40119c47c2753502e59bac-sock

Host: AMD Ryzen 5 3500U with Radeon Vega Mobile Gfx  , 8 cores, 3G,  Windows 11 , 64 bit Build 26100 (10.0.26100.7309)
Time: Sun Dec 14 17:24:41 2025 Hora estándar central (México) elapsed time: 61.165683 seconds (0d 0h 1m 1s)

---------------  T H R E A D  ---------------

Current thread (0x00000242e60c4ec0):  JavaThread "Attach Listener" daemon [_thread_in_vm, id=4104, stack(0x000000f303000000,0x000000f303100000) (1024K)]

Stack: [0x000000f303000000,0x000000f303100000]
Native frames: (J=compiled Java code, j=interpreted, Vv=VM code, C=native code)
V  [jvm.dll+0x6d6e29]
V  [jvm.dll+0x8b4b76]
V  [jvm.dll+0x8b712e]
V  [jvm.dll+0x8b7813]
V  [jvm.dll+0x283d86]
V  [jvm.dll+0xc1277]
V  [jvm.dll+0x6d76d9]
V  [jvm.dll+0x133466]
V  [jvm.dll+0x3f7ea6]
V  [jvm.dll+0x85e9ad]
V  [jvm.dll+0x6d565d]
C  [ucrtbase.dll+0x37b0]
C  [KERNEL32.DLL+0x2e8d7]
C  [ntdll.dll+0x8c53c]


---------------  P R O C E S S  ---------------

Threads class SMR info:
_java_thread_list=0x00000242ee4f7500, length=44, elements={
0x00000242cf64c910, 0x00000242e60be140, 0x00000242e60c0710, 0x00000242e60c3ec0,
0x00000242e60c4ec0, 0x00000242e60cc280, 0x00000242e60d2cf0, 0x00000242e60e44c0,
0x00000242e60e6c20, 0x00000242e7b841c0, 0x00000242e7c914e0, 0x00000242ec6a96b0,
0x00000242ec9b6730, 0x00000242ec581440, 0x00000242ec580640, 0x00000242eccd0760,
0x00000242ecb5f4e0, 0x00000242ec6dfdf0, 0x00000242ec6e0480, 0x00000242ec6e0b10,
0x00000242ec6e3270, 0x00000242ec6e2550, 0x00000242ed614fe0, 0x00000242ed615d00,
0x00000242ed616390, 0x00000242ed615670, 0x00000242ed616a20, 0x00000242ed6170b0,
0x00000242ed617740, 0x00000242ed617dd0, 0x00000242ed614950, 0x00000242ed618af0,
0x00000242ed61b250, 0x00000242ed619ea0, 0x00000242ed619180, 0x00000242ed61a530,
0x00000242ed61b8e0, 0x00000242ed618460, 0x00000242ed61bf70, 0x00000242ed61abc0,
0x00000242f078b170, 0x00000242f078b800, 0x00000242f0789730, 0x00000242f0788a10
}

Java Threads: ( => current thread )
  0x00000242cf64c910 JavaThread "main"                              [_thread_blocked, id=13732, stack(0x000000f302900000,0x000000f302a00000) (1024K)]
  0x00000242e60be140 JavaThread "Reference Handler"          daemon [_thread_blocked, id=12584, stack(0x000000f302d00000,0x000000f302e00000) (1024K)]
  0x00000242e60c0710 JavaThread "Finalizer"                  daemon [_thread_blocked, id=3520, stack(0x000000f302e00000,0x000000f302f00000) (1024K)]
  0x00000242e60c3ec0 JavaThread "Signal Dispatcher"          daemon [_thread_blocked, id=9512, stack(0x000000f302f00000,0x000000f303000000) (1024K)]
=>0x00000242e60c4ec0 JavaThread "Attach Listener"            daemon [_thread_in_vm, id=4104, stack(0x000000f303000000,0x000000f303100000) (1024K)]
  0x00000242e60cc280 JavaThread "Service Thread"             daemon [_thread_blocked, id=14956, stack(0x000000f303100000,0x000000f303200000) (1024K)]
  0x00000242e60d2cf0 JavaThread "Monitor Deflation Thread"   daemon [_thread_blocked, id=14448, stack(0x000000f303200000,0x000000f303300000) (1024K)]
  0x00000242e60e44c0 JavaThread "C2 CompilerThread0"         daemon [_thread_blocked, id=14372, stack(0x000000f303300000,0x000000f303400000) (1024K)]
  0x00000242e60e6c20 JavaThread "C1 CompilerThread0"         daemon [_thread_blocked, id=2712, stack(0x000000f303400000,0x000000f303500000) (1024K)]
  0x00000242e7b841c0 JavaThread "Common-Cleaner"             daemon [_thread_blocked, id=14308, stack(0x000000f303500000,0x000000f303600000) (1024K)]
  0x00000242e7c914e0 JavaThread "Notification Thread"        daemon [_thread_blocked, id=9124, stack(0x000000f303600000,0x000000f303700000) (1024K)]
  0x00000242ec6a96b0 JavaThread "Active Thread: Equinox Container: aaa9f476-661d-4848-a94e-e04f0ed66927"        [_thread_blocked, id=2580, stack(0x000000f303800000,0x000000f303900000) (1024K)]
  0x00000242ec9b6730 JavaThread "Refresh Thread: Equinox Container: aaa9f476-661d-4848-a94e-e04f0ed66927" daemon [_thread_blocked, id=9568, stack(0x000000f303f00000,0x000000f304000000) (1024K)]
  0x00000242ec581440 JavaThread "Framework Event Dispatcher: Equinox Container: aaa9f476-661d-4848-a94e-e04f0ed66927" daemon [_thread_blocked, id=3112, stack(0x000000f304100000,0x000000f304200000) (1024K)]
  0x00000242ec580640 JavaThread "Start Level: Equinox Container: aaa9f476-661d-4848-a94e-e04f0ed66927" daemon [_thread_blocked, id=9704, stack(0x000000f304200000,0x000000f304300000) (1024K)]
  0x00000242eccd0760 JavaThread "Bundle File Closer"         daemon [_thread_blocked, id=2948, stack(0x000000f303700000,0x000000f303800000) (1024K)]
  0x00000242ecb5f4e0 JavaThread "SCR Component Actor"        daemon [_thread_blocked, id=13780, stack(0x000000f304300000,0x000000f304400000) (1024K)]
  0x00000242ec6dfdf0 JavaThread "Worker-JM"                         [_thread_blocked, id=6832, stack(0x000000f304400000,0x000000f304500000) (1024K)]
  0x00000242ec6e0480 JavaThread "JNA Cleaner"                daemon [_thread_blocked, id=12972, stack(0x000000f304500000,0x000000f304600000) (1024K)]
  0x00000242ec6e0b10 JavaThread "Worker-0: Send Classpath Notifications"        [_thread_blocked, id=7196, stack(0x000000f304600000,0x000000f304700000) (1024K)]
  0x00000242ec6e3270 JavaThread "Worker-1"                          [_thread_blocked, id=3548, stack(0x000000f304700000,0x000000f304800000) (1024K)]
  0x00000242ec6e2550 JavaThread "Worker-2"                          [_thread_blocked, id=7308, stack(0x000000f304900000,0x000000f304a00000) (1024K)]
  0x00000242ed614fe0 JavaThread "Java indexing"              daemon [_thread_blocked, id=9392, stack(0x000000f304a00000,0x000000f304b00000) (1024K)]
  0x00000242ed615d00 JavaThread "Worker-3"                          [_thread_blocked, id=8356, stack(0x000000f304b00000,0x000000f304c00000) (1024K)]
  0x00000242ed616390 JavaThread "Worker-4"                          [_thread_blocked, id=14668, stack(0x000000f304f00000,0x000000f305000000) (1024K)]
  0x00000242ed615670 JavaThread "Thread-1"                   daemon [_thread_in_native, id=12156, stack(0x000000f305000000,0x000000f305100000) (1024K)]
  0x00000242ed616a20 JavaThread "Thread-2"                   daemon [_thread_in_native, id=3492, stack(0x000000f305100000,0x000000f305200000) (1024K)]
  0x00000242ed6170b0 JavaThread "Thread-3"                   daemon [_thread_in_native, id=3736, stack(0x000000f305200000,0x000000f305300000) (1024K)]
  0x00000242ed617740 JavaThread "Thread-4"                   daemon [_thread_in_native, id=3204, stack(0x000000f305300000,0x000000f305400000) (1024K)]
  0x00000242ed617dd0 JavaThread "Thread-5"                   daemon [_thread_in_native, id=10508, stack(0x000000f305400000,0x000000f305500000) (1024K)]
  0x00000242ed614950 JavaThread "Thread-6"                   daemon [_thread_in_native, id=2496, stack(0x000000f305500000,0x000000f305600000) (1024K)]
  0x00000242ed618af0 JavaThread "Thread-7"                   daemon [_thread_in_native, id=1848, stack(0x000000f305600000,0x000000f305700000) (1024K)]
  0x00000242ed61b250 JavaThread "Thread-8"                   daemon [_thread_in_native, id=11084, stack(0x000000f305700000,0x000000f305800000) (1024K)]
  0x00000242ed619ea0 JavaThread "Thread-9"                   daemon [_thread_in_native, id=12356, stack(0x000000f305800000,0x000000f305900000) (1024K)]
  0x00000242ed619180 JavaThread "pool-2-thread-1"                   [_thread_blocked, id=8216, stack(0x000000f305900000,0x000000f305a00000) (1024K)]
  0x00000242ed61a530 JavaThread "WorkspaceEventsHandler"            [_thread_blocked, id=11644, stack(0x000000f305a00000,0x000000f305b00000) (1024K)]
  0x00000242ed61b8e0 JavaThread "pool-1-thread-1"                   [_thread_blocked, id=6268, stack(0x000000f305b00000,0x000000f305c00000) (1024K)]
  0x00000242ed618460 JavaThread "ForkJoinPool.commonPool-worker-1" daemon [_thread_blocked, id=11764, stack(0x000000f305c00000,0x000000f305d00000) (1024K)]
  0x00000242ed61bf70 JavaThread "ForkJoinPool.commonPool-worker-2" daemon [_thread_blocked, id=11292, stack(0x000000f305d00000,0x000000f305e00000) (1024K)]
  0x00000242ed61abc0 JavaThread "ForkJoinPool.commonPool-worker-3" daemon [_thread_blocked, id=14604, stack(0x000000f305e00000,0x000000f305f00000) (1024K)]
  0x00000242f078b170 JavaThread "ForkJoinPool.commonPool-worker-4" daemon [_thread_blocked, id=1264, stack(0x000000f305f00000,0x000000f306000000) (1024K)]
  0x00000242f078b800 JavaThread "ForkJoinPool.commonPool-worker-6" daemon [_thread_blocked, id=14688, stack(0x000000f306000000,0x000000f306100000) (1024K)]
  0x00000242f0789730 JavaThread "ForkJoinPool.commonPool-worker-5" daemon [_thread_blocked, id=5532, stack(0x000000f306100000,0x000000f306200000) (1024K)]
  0x00000242f0788a10 JavaThread "ForkJoinPool.commonPool-worker-7" daemon [_thread_blocked, id=3292, stack(0x000000f306200000,0x000000f306300000) (1024K)]
Total: 44

Other Threads:
  0x00000242e60a1d40 VMThread "VM Thread"                           [id=11256, stack(0x000000f302c00000,0x000000f302d00000) (1024K)] _threads_hazard_ptr=0x00000242ee4f7500
  0x00000242e5fdca00 WatcherThread "VM Periodic Task Thread"        [id=8036, stack(0x000000f302b00000,0x000000f302c00000) (1024K)]
  0x00000242cf66aa10 WorkerThread "GC Thread#0"                     [id=14616, stack(0x000000f302a00000,0x000000f302b00000) (1024K)]
  0x00000242ec73b6f0 WorkerThread "GC Thread#1"                     [id=5760, stack(0x000000f303900000,0x000000f303a00000) (1024K)]
  0x00000242ec73c0a0 WorkerThread "GC Thread#2"                     [id=8472, stack(0x000000f303a00000,0x000000f303b00000) (1024K)]
  0x00000242ec73c440 WorkerThread "GC Thread#3"                     [id=1088, stack(0x000000f303b00000,0x000000f303c00000) (1024K)]
  0x00000242ec38dd70 WorkerThread "GC Thread#4"                     [id=11188, stack(0x000000f303c00000,0x000000f303d00000) (1024K)]
  0x00000242ec38e110 WorkerThread "GC Thread#5"                     [id=200, stack(0x000000f303d00000,0x000000f303e00000) (1024K)]
  0x00000242ec17f220 WorkerThread "GC Thread#6"                     [id=9884, stack(0x000000f303e00000,0x000000f303f00000) (1024K)]
  0x00000242ec17fd00 WorkerThread "GC Thread#7"                     [id=10812, stack(0x000000f304000000,0x000000f304100000) (1024K)]
Total: 10

Threads with active compile tasks:
Total: 0

VM state: not at safepoint (normal execution)

VM Mutex/Monitor currently owned by a thread: None

Heap address: 0x0000000080000000, size: 2048 MB, Compressed Oops mode: 32-bit

CDS archive(s) mapped at: [0x0000024280000000-0x0000024280ba0000-0x0000024280ba0000), size 12189696, SharedBaseAddress: 0x0000024280000000, ArchiveRelocationMode: 1.
Compressed class space mapped at: 0x0000024281000000-0x00000242c1000000, reserved size: 1073741824
Narrow klass base: 0x0000024280000000, Narrow klass shift: 0, Narrow klass range: 0x100000000

GC Precious Log:
 CardTable entry size: 512
 CPUs: 8 total, 8 available
 Memory: 3460M
 Large Page Support: Disabled
 NUMA Support: Disabled
 Compressed Oops: Enabled (32-bit)
 Alignments: Space 512K, Generation 512K, Heap 2M
 Heap Min Capacity: 100M
 Heap Initial Capacity: 100M
 Heap Max Capacity: 2G
 Pre-touch: Disabled
 Parallel Workers: 8

Heap:
 PSYoungGen      total 13312K, used 11384K [0x00000000d5580000, 0x00000000d6600000, 0x0000000100000000)
  eden space 12800K, 85% used [0x00000000d5580000,0x00000000d602e368,0x00000000d6200000)
  from space 512K, 87% used [0x00000000d6580000,0x00000000d65f0000,0x00000000d6600000)
  to   space 1024K, 0% used [0x00000000d6400000,0x00000000d6400000,0x00000000d6500000)
 ParOldGen       total 81920K, used 71904K [0x0000000080000000, 0x0000000085000000, 0x00000000d5580000)
  object space 81920K, 87% used [0x0000000080000000,0x0000000084638178,0x0000000085000000)
 Metaspace       used 60946K, committed 62464K, reserved 1114112K
  class space    used 6518K, committed 7168K, reserved 1048576K

Card table byte_map: [0x00000242cf000000,0x00000242cf410000] _byte_map_base: 0x00000242cec00000

Marking Bits: (ParMarkBitMap*) 0x00007ff99fad2460
 Begin Bits: [0x00000242e1b00000, 0x00000242e3b00000)
 End Bits:   [0x00000242e3b00000, 0x00000242e5b00000)

Polling page: 0x00000242cd9d0000

Metaspace:

Usage:
  Non-class:     53.15 MB used.
      Class:      6.37 MB used.
       Both:     59.52 MB used.

Virtual space:
  Non-class space:       64.00 MB reserved,      54.00 MB ( 84%) committed,  1 nodes.
      Class space:        1.00 GB reserved,       7.00 MB ( <1%) committed,  1 nodes.
             Both:        1.06 GB reserved,      61.00 MB (  6%) committed. 

Chunk freelists:
   Non-Class:  9.96 MB
       Class:  8.96 MB
        Both:  18.93 MB

MaxMetaspaceSize: unlimited
CompressedClassSpaceSize: 1.00 GB
Initial GC threshold: 21.00 MB
Current GC threshold: 97.31 MB
CDS: on
 - commit_granule_bytes: 65536.
 - commit_granule_words: 8192.
 - virtual_space_node_default_size: 8388608.
 - enlarge_chunks_in_place: 1.
 - use_allocation_guard: 0.


Internal statistics:

num_allocs_failed_limit: 11.
num_arena_births: 1184.
num_arena_deaths: 28.
num_vsnodes_births: 2.
num_vsnodes_deaths: 0.
num_space_committed: 976.
num_space_uncommitted: 0.
num_chunks_returned_to_freelist: 45.
num_chunks_taken_from_freelist: 4093.
num_chunk_merges: 18.
num_chunk_splits: 2480.
num_chunks_enlarged: 1344.
num_inconsistent_stats: 0.

CodeHeap 'non-profiled nmethods': size=120000Kb used=5268Kb max_used=5268Kb free=114731Kb
 bounds [0x00000242da320000, 0x00000242da850000, 0x00000242e1850000]
CodeHeap 'profiled nmethods': size=120000Kb used=20194Kb max_used=20194Kb free=99805Kb
 bounds [0x00000242d2850000, 0x00000242d3c10000, 0x00000242d9d80000]
CodeHeap 'non-nmethods': size=5760Kb used=1414Kb max_used=1457Kb free=4346Kb
 bounds [0x00000242d9d80000, 0x00000242d9ff0000, 0x00000242da320000]
CodeCache: size=245760Kb, used=26876Kb, max_used=26919Kb, free=218882Kb
 total_blobs=10226, nmethods=9502, adapters=630, full_count=0
Compilation: enabled, stopped_count=0, restarted_count=0

Compilation events (20 events):
Event: 54.568 Thread 0x00000242e60e6c20 nmethod 10214 0x00000242d3c05910 code [0x00000242d3c05b40, 0x00000242d3c062d8]
Event: 54.568 Thread 0x00000242e60e6c20 10215       3       com.google.gson.internal.bind.TypeAdapters$21::write (18 bytes)
Event: 54.569 Thread 0x00000242e60e6c20 nmethod 10215 0x00000242d3c06590 code [0x00000242d3c067c0, 0x00000242d3c06de8]
Event: 55.588 Thread 0x00000242e60e44c0 nmethod 10213 0x00000242da842090 code [0x00000242da842240, 0x00000242da8426b8]
Event: 55.589 Thread 0x00000242e60e44c0 10216       4       jdk.internal.org.objectweb.asm.Label::resolve (219 bytes)
Event: 55.599 Thread 0x00000242e60e44c0 nmethod 10216 0x00000242da842910 code [0x00000242da842aa0, 0x00000242da842d30]
Event: 55.599 Thread 0x00000242e60e44c0 10217       4       java.io.StringWriter::write (14 bytes)
Event: 55.629 Thread 0x00000242e60e44c0 nmethod 10217 0x00000242da842f10 code [0x00000242da843100, 0x00000242da843b38]
Event: 55.654 Thread 0x00000242e60e44c0 10218       4       java.io.StringWriter::write (10 bytes)
Event: 55.687 Thread 0x00000242e60e44c0 nmethod 10218 0x00000242da844110 code [0x00000242da844300, 0x00000242da844c20]
Event: 55.698 Thread 0x00000242e60e6c20 10219  s    3       jdk.internal.ref.Cleaner::remove (89 bytes)
Event: 55.725 Thread 0x00000242e60e6c20 nmethod 10219 0x00000242d3c07010 code [0x00000242d3c071e0, 0x00000242d3c075e0]
Event: 55.732 Thread 0x00000242e60e6c20 10220       3       java.nio.DirectByteBuffer$Deallocator::run (23 bytes)
Event: 55.762 Thread 0x00000242e60e6c20 nmethod 10220 0x00000242d3c07710 code [0x00000242d3c07900, 0x00000242d3c07c70]
Event: 55.762 Thread 0x00000242e60e6c20 10221       3       java.nio.Bits::unreserveMemory (64 bytes)
Event: 55.768 Thread 0x00000242e60e6c20 nmethod 10221 0x00000242d3c07e10 code [0x00000242d3c07fe0, 0x00000242d3c081b0]
Event: 55.768 Thread 0x00000242e60e6c20 10222       3       java.util.concurrent.atomic.AtomicLong::decrementAndGet (16 bytes)
Event: 55.774 Thread 0x00000242e60e6c20 nmethod 10222 0x00000242d3c08310 code [0x00000242d3c084a0, 0x00000242d3c085c8]
Event: 55.778 Thread 0x00000242e60e6c20 10223   !   3       sun.nio.ch.PendingFuture::prepareForWait (43 bytes)
Event: 55.792 Thread 0x00000242e60e6c20 nmethod 10223 0x00000242d3c08690 code [0x00000242d3c08880, 0x00000242d3c08ec0]

GC Heap History (20 events):
Event: 25.126 GC heap before
{Heap before GC invocations=72 (full 2):
 PSYoungGen      total 20992K, used 20512K [0x00000000d5580000, 0x00000000d6b00000, 0x0000000100000000)
  eden space 19968K, 100% used [0x00000000d5580000,0x00000000d6900000,0x00000000d6900000)
  from space 1024K, 53% used [0x00000000d6900000,0x00000000d6988000,0x00000000d6a00000)
  to   space 1024K, 0% used [0x00000000d6a00000,0x00000000d6a00000,0x00000000d6b00000)
 ParOldGen       total 74240K, used 73756K [0x0000000080000000, 0x0000000084880000, 0x00000000d5580000)
  object space 74240K, 99% used [0x0000000080000000,0x00000000848070c0,0x0000000084880000)
 Metaspace       used 55322K, committed 56768K, reserved 1114112K
  class space    used 5966K, committed 6592K, reserved 1048576K
}
Event: 25.132 GC heap after
{Heap after GC invocations=72 (full 2):
 PSYoungGen      total 13824K, used 1012K [0x00000000d5580000, 0x00000000d7900000, 0x0000000100000000)
  eden space 12800K, 0% used [0x00000000d5580000,0x00000000d5580000,0x00000000d6200000)
  from space 1024K, 98% used [0x00000000d6a00000,0x00000000d6afd3e8,0x00000000d6b00000)
  to   space 8192K, 0% used [0x00000000d6200000,0x00000000d6200000,0x00000000d6a00000)
 ParOldGen       total 79872K, used 79775K [0x0000000080000000, 0x0000000084e00000, 0x00000000d5580000)
  object space 79872K, 99% used [0x0000000080000000,0x0000000084de7fe8,0x0000000084e00000)
 Metaspace       used 55322K, committed 56768K, reserved 1114112K
  class space    used 5966K, committed 6592K, reserved 1048576K
}
Event: 25.294 GC heap before
{Heap before GC invocations=73 (full 2):
 PSYoungGen      total 13824K, used 13783K [0x00000000d5580000, 0x00000000d7900000, 0x0000000100000000)
  eden space 12800K, 99% used [0x00000000d5580000,0x00000000d61f8bf0,0x00000000d6200000)
  from space 1024K, 98% used [0x00000000d6a00000,0x00000000d6afd3e8,0x00000000d6b00000)
  to   space 8192K, 0% used [0x00000000d6200000,0x00000000d6200000,0x00000000d6a00000)
 ParOldGen       total 79872K, used 79775K [0x0000000080000000, 0x0000000084e00000, 0x00000000d5580000)
  object space 79872K, 99% used [0x0000000080000000,0x0000000084de7fe8,0x0000000084e00000)
 Metaspace       used 56315K, committed 57792K, reserved 1114112K
  class space    used 6020K, committed 6656K, reserved 1048576K
}
Event: 25.296 GC heap after
{Heap after GC invocations=73 (full 2):
 PSYoungGen      total 13824K, used 704K [0x00000000d5580000, 0x00000000d6a80000, 0x0000000100000000)
  eden space 12800K, 0% used [0x00000000d5580000,0x00000000d5580000,0x00000000d6200000)
  from space 1024K, 68% used [0x00000000d6200000,0x00000000d62b02f0,0x00000000d6300000)
  to   space 3072K, 0% used [0x00000000d6780000,0x00000000d6780000,0x00000000d6a80000)
 ParOldGen       total 80896K, used 80812K [0x0000000080000000, 0x0000000084f00000, 0x00000000d5580000)
  object space 80896K, 99% used [0x0000000080000000,0x0000000084eeb278,0x0000000084f00000)
 Metaspace       used 56315K, committed 57792K, reserved 1114112K
  class space    used 6020K, committed 6656K, reserved 1048576K
}
Event: 25.741 GC heap before
{Heap before GC invocations=74 (full 2):
 PSYoungGen      total 13824K, used 13441K [0x00000000d5580000, 0x00000000d6a80000, 0x0000000100000000)
  eden space 12800K, 99% used [0x00000000d5580000,0x00000000d61f0268,0x00000000d6200000)
  from space 1024K, 68% used [0x00000000d6200000,0x00000000d62b02f0,0x00000000d6300000)
  to   space 3072K, 0% used [0x00000000d6780000,0x00000000d6780000,0x00000000d6a80000)
 ParOldGen       total 80896K, used 80812K [0x0000000080000000, 0x0000000084f00000, 0x00000000d5580000)
  object space 80896K, 99% used [0x0000000080000000,0x0000000084eeb278,0x0000000084f00000)
 Metaspace       used 56831K, committed 58304K, reserved 1114112K
  class space    used 6114K, committed 6784K, reserved 1048576K
}
Event: 25.743 GC heap after
{Heap after GC invocations=74 (full 2):
 PSYoungGen      total 13312K, used 288K [0x00000000d5580000, 0x00000000d6800000, 0x0000000100000000)
  eden space 12800K, 0% used [0x00000000d5580000,0x00000000d5580000,0x00000000d6200000)
  from space 512K, 56% used [0x00000000d6780000,0x00000000d67c8000,0x00000000d6800000)
  to   space 1024K, 0% used [0x00000000d6600000,0x00000000d6600000,0x00000000d6700000)
 ParOldGen       total 81408K, used 81324K [0x0000000080000000, 0x0000000084f80000, 0x00000000d5580000)
  object space 81408K, 99% used [0x0000000080000000,0x0000000084f6b278,0x0000000084f80000)
 Metaspace       used 56831K, committed 58304K, reserved 1114112K
  class space    used 6114K, committed 6784K, reserved 1048576K
}
Event: 26.459 GC heap before
{Heap before GC invocations=75 (full 2):
 PSYoungGen      total 13312K, used 13088K [0x00000000d5580000, 0x00000000d6800000, 0x0000000100000000)
  eden space 12800K, 100% used [0x00000000d5580000,0x00000000d6200000,0x00000000d6200000)
  from space 512K, 56% used [0x00000000d6780000,0x00000000d67c8000,0x00000000d6800000)
  to   space 1024K, 0% used [0x00000000d6600000,0x00000000d6600000,0x00000000d6700000)
 ParOldGen       total 81408K, used 81324K [0x0000000080000000, 0x0000000084f80000, 0x00000000d5580000)
  object space 81408K, 99% used [0x0000000080000000,0x0000000084f6b278,0x0000000084f80000)
 Metaspace       used 57627K, committed 59072K, reserved 1114112K
  class space    used 6185K, committed 6848K, reserved 1048576K
}
Event: 26.461 GC heap after
{Heap after GC invocations=75 (full 2):
 PSYoungGen      total 13824K, used 320K [0x00000000d5580000, 0x00000000d6800000, 0x0000000100000000)
  eden space 12800K, 0% used [0x00000000d5580000,0x00000000d5580000,0x00000000d6200000)
  from space 1024K, 31% used [0x00000000d6600000,0x00000000d6650000,0x00000000d6700000)
  to   space 512K, 0% used [0x00000000d6780000,0x00000000d6780000,0x00000000d6800000)
 ParOldGen       total 81920K, used 81484K [0x0000000080000000, 0x0000000085000000, 0x00000000d5580000)
  object space 81920K, 99% used [0x0000000080000000,0x0000000084f93278,0x0000000085000000)
 Metaspace       used 57627K, committed 59072K, reserved 1114112K
  class space    used 6185K, committed 6848K, reserved 1048576K
}
Event: 26.708 GC heap before
{Heap before GC invocations=76 (full 2):
 PSYoungGen      total 13824K, used 8356K [0x00000000d5580000, 0x00000000d6800000, 0x0000000100000000)
  eden space 12800K, 62% used [0x00000000d5580000,0x00000000d5d592a8,0x00000000d6200000)
  from space 1024K, 31% used [0x00000000d6600000,0x00000000d6650000,0x00000000d6700000)
  to   space 512K, 0% used [0x00000000d6780000,0x00000000d6780000,0x00000000d6800000)
 ParOldGen       total 81920K, used 81484K [0x0000000080000000, 0x0000000085000000, 0x00000000d5580000)
  object space 81920K, 99% used [0x0000000080000000,0x0000000084f93278,0x0000000085000000)
 Metaspace       used 58358K, committed 59776K, reserved 1114112K
  class space    used 6258K, committed 6912K, reserved 1048576K
}
Event: 26.711 GC heap after
{Heap after GC invocations=76 (full 2):
 PSYoungGen      total 13312K, used 512K [0x00000000d5580000, 0x00000000d6800000, 0x0000000100000000)
  eden space 12800K, 0% used [0x00000000d5580000,0x00000000d5580000,0x00000000d6200000)
  from space 512K, 100% used [0x00000000d6780000,0x00000000d6800000,0x00000000d6800000)
  to   space 1024K, 0% used [0x00000000d6600000,0x00000000d6600000,0x00000000d6700000)
 ParOldGen       total 81920K, used 81673K [0x0000000080000000, 0x0000000085000000, 0x00000000d5580000)
  object space 81920K, 99% used [0x0000000080000000,0x0000000084fc2530,0x0000000085000000)
 Metaspace       used 58358K, committed 59776K, reserved 1114112K
  class space    used 6258K, committed 6912K, reserved 1048576K
}
Event: 26.711 GC heap before
{Heap before GC invocations=77 (full 3):
 PSYoungGen      total 13312K, used 512K [0x00000000d5580000, 0x00000000d6800000, 0x0000000100000000)
  eden space 12800K, 0% used [0x00000000d5580000,0x00000000d5580000,0x00000000d6200000)
  from space 512K, 100% used [0x00000000d6780000,0x00000000d6800000,0x00000000d6800000)
  to   space 1024K, 0% used [0x00000000d6600000,0x00000000d6600000,0x00000000d6700000)
 ParOldGen       total 81920K, used 81673K [0x0000000080000000, 0x0000000085000000, 0x00000000d5580000)
  object space 81920K, 99% used [0x0000000080000000,0x0000000084fc2530,0x0000000085000000)
 Metaspace       used 58358K, committed 59776K, reserved 1114112K
  class space    used 6258K, committed 6912K, reserved 1048576K
}
Event: 26.877 GC heap after
{Heap after GC invocations=77 (full 3):
 PSYoungGen      total 13312K, used 0K [0x00000000d5580000, 0x00000000d6800000, 0x0000000100000000)
  eden space 12800K, 0% used [0x00000000d5580000,0x00000000d5580000,0x00000000d6200000)
  from space 512K, 0% used [0x00000000d6780000,0x00000000d6780000,0x00000000d6800000)
  to   space 1024K, 0% used [0x00000000d6600000,0x00000000d6600000,0x00000000d6700000)
 ParOldGen       total 81920K, used 67648K [0x0000000080000000, 0x0000000085000000, 0x00000000d5580000)
  object space 81920K, 82% used [0x0000000080000000,0x0000000084210248,0x0000000085000000)
 Metaspace       used 58346K, committed 59776K, reserved 1114112K
  class space    used 6255K, committed 6912K, reserved 1048576K
}
Event: 26.984 GC heap before
{Heap before GC invocations=78 (full 3):
 PSYoungGen      total 13312K, used 12800K [0x00000000d5580000, 0x00000000d6800000, 0x0000000100000000)
  eden space 12800K, 100% used [0x00000000d5580000,0x00000000d6200000,0x00000000d6200000)
  from space 512K, 0% used [0x00000000d6780000,0x00000000d6780000,0x00000000d6800000)
  to   space 1024K, 0% used [0x00000000d6600000,0x00000000d6600000,0x00000000d6700000)
 ParOldGen       total 81920K, used 67648K [0x0000000080000000, 0x0000000085000000, 0x00000000d5580000)
  object space 81920K, 82% used [0x0000000080000000,0x0000000084210248,0x0000000085000000)
 Metaspace       used 58648K, committed 60160K, reserved 1114112K
  class space    used 6275K, committed 6912K, reserved 1048576K
}
Event: 26.987 GC heap after
{Heap after GC invocations=78 (full 3):
 PSYoungGen      total 13824K, used 1014K [0x00000000d5580000, 0x00000000d6800000, 0x0000000100000000)
  eden space 12800K, 0% used [0x00000000d5580000,0x00000000d5580000,0x00000000d6200000)
  from space 1024K, 99% used [0x00000000d6600000,0x00000000d66fdb80,0x00000000d6700000)
  to   space 1024K, 0% used [0x00000000d6700000,0x00000000d6700000,0x00000000d6800000)
 ParOldGen       total 81920K, used 69220K [0x0000000080000000, 0x0000000085000000, 0x00000000d5580000)
  object space 81920K, 84% used [0x0000000080000000,0x00000000843991b0,0x0000000085000000)
 Metaspace       used 58648K, committed 60160K, reserved 1114112K
  class space    used 6275K, committed 6912K, reserved 1048576K
}
Event: 27.075 GC heap before
{Heap before GC invocations=79 (full 3):
 PSYoungGen      total 13824K, used 13814K [0x00000000d5580000, 0x00000000d6800000, 0x0000000100000000)
  eden space 12800K, 100% used [0x00000000d5580000,0x00000000d6200000,0x00000000d6200000)
  from space 1024K, 99% used [0x00000000d6600000,0x00000000d66fdb80,0x00000000d6700000)
  to   space 1024K, 0% used [0x00000000d6700000,0x00000000d6700000,0x00000000d6800000)
 ParOldGen       total 81920K, used 69220K [0x0000000080000000, 0x0000000085000000, 0x00000000d5580000)
  object space 81920K, 84% used [0x0000000080000000,0x00000000843991b0,0x0000000085000000)
 Metaspace       used 58738K, committed 60224K, reserved 1114112K
  class space    used 6281K, committed 6912K, reserved 1048576K
}
Event: 27.079 GC heap after
{Heap after GC invocations=79 (full 3):
 PSYoungGen      total 13824K, used 1011K [0x00000000d5580000, 0x00000000d6900000, 0x0000000100000000)
  eden space 12800K, 0% used [0x00000000d5580000,0x00000000d5580000,0x00000000d6200000)
  from space 1024K, 98% used [0x00000000d6700000,0x00000000d67fce90,0x00000000d6800000)
  to   space 3584K, 0% used [0x00000000d6200000,0x00000000d6200000,0x00000000d6580000)
 ParOldGen       total 81920K, used 71184K [0x0000000080000000, 0x0000000085000000, 0x00000000d5580000)
  object space 81920K, 86% used [0x0000000080000000,0x0000000084584168,0x0000000085000000)
 Metaspace       used 58738K, committed 60224K, reserved 1114112K
  class space    used 6281K, committed 6912K, reserved 1048576K
}
Event: 27.148 GC heap before
{Heap before GC invocations=80 (full 3):
 PSYoungGen      total 13824K, used 13811K [0x00000000d5580000, 0x00000000d6900000, 0x0000000100000000)
  eden space 12800K, 100% used [0x00000000d5580000,0x00000000d6200000,0x00000000d6200000)
  from space 1024K, 98% used [0x00000000d6700000,0x00000000d67fce90,0x00000000d6800000)
  to   space 3584K, 0% used [0x00000000d6200000,0x00000000d6200000,0x00000000d6580000)
 ParOldGen       total 81920K, used 71184K [0x0000000080000000, 0x0000000085000000, 0x00000000d5580000)
  object space 81920K, 86% used [0x0000000080000000,0x0000000084584168,0x0000000085000000)
 Metaspace       used 58848K, committed 60352K, reserved 1114112K
  class space    used 6304K, committed 6976K, reserved 1048576K
}
Event: 27.151 GC heap after
{Heap after GC invocations=80 (full 3):
 PSYoungGen      total 16384K, used 1252K [0x00000000d5580000, 0x00000000d6780000, 0x0000000100000000)
  eden space 12800K, 0% used [0x00000000d5580000,0x00000000d5580000,0x00000000d6200000)
  from space 3584K, 34% used [0x00000000d6200000,0x00000000d63391c8,0x00000000d6580000)
  to   space 2048K, 0% used [0x00000000d6580000,0x00000000d6580000,0x00000000d6780000)
 ParOldGen       total 81920K, used 71816K [0x0000000080000000, 0x0000000085000000, 0x00000000d5580000)
  object space 81920K, 87% used [0x0000000080000000,0x0000000084622178,0x0000000085000000)
 Metaspace       used 58848K, committed 60352K, reserved 1114112K
  class space    used 6304K, committed 6976K, reserved 1048576K
}
Event: 27.304 GC heap before
{Heap before GC invocations=81 (full 3):
 PSYoungGen      total 16384K, used 14052K [0x00000000d5580000, 0x00000000d6780000, 0x0000000100000000)
  eden space 12800K, 100% used [0x00000000d5580000,0x00000000d6200000,0x00000000d6200000)
  from space 3584K, 34% used [0x00000000d6200000,0x00000000d63391c8,0x00000000d6580000)
  to   space 2048K, 0% used [0x00000000d6580000,0x00000000d6580000,0x00000000d6780000)
 ParOldGen       total 81920K, used 71816K [0x0000000080000000, 0x0000000085000000, 0x00000000d5580000)
  object space 81920K, 87% used [0x0000000080000000,0x0000000084622178,0x0000000085000000)
 Metaspace       used 59849K, committed 61312K, reserved 1114112K
  class space    used 6395K, committed 7040K, reserved 1048576K
}
Event: 27.307 GC heap after
{Heap after GC invocations=81 (full 3):
 PSYoungGen      total 13312K, used 448K [0x00000000d5580000, 0x00000000d6600000, 0x0000000100000000)
  eden space 12800K, 0% used [0x00000000d5580000,0x00000000d5580000,0x00000000d6200000)
  from space 512K, 87% used [0x00000000d6580000,0x00000000d65f0000,0x00000000d6600000)
  to   space 1024K, 0% used [0x00000000d6400000,0x00000000d6400000,0x00000000d6500000)
 ParOldGen       total 81920K, used 71904K [0x0000000080000000, 0x0000000085000000, 0x00000000d5580000)
  object space 81920K, 87% used [0x0000000080000000,0x0000000084638178,0x0000000085000000)
 Metaspace       used 59849K, committed 61312K, reserved 1114112K
  class space    used 6395K, committed 7040K, reserved 1048576K
}

Dll operation events (10 events):
Event: 0.050 Loaded shared library c:\Users\ramse\.vscode\extensions\redhat.java-1.50.0-win32-x64\jre\21.0.9-win32-x86_64\bin\java.dll
Event: 0.291 Loaded shared library c:\Users\ramse\.vscode\extensions\redhat.java-1.50.0-win32-x64\jre\21.0.9-win32-x86_64\bin\zip.dll
Event: 0.328 Loaded shared library C:\Users\ramse\.vscode\extensions\redhat.java-1.50.0-win32-x64\jre\21.0.9-win32-x86_64\bin\instrument.dll
Event: 0.343 Loaded shared library C:\Users\ramse\.vscode\extensions\redhat.java-1.50.0-win32-x64\jre\21.0.9-win32-x86_64\bin\net.dll
Event: 0.350 Loaded shared library C:\Users\ramse\.vscode\extensions\redhat.java-1.50.0-win32-x64\jre\21.0.9-win32-x86_64\bin\nio.dll
Event: 0.357 Loaded shared library C:\Users\ramse\.vscode\extensions\redhat.java-1.50.0-win32-x64\jre\21.0.9-win32-x86_64\bin\zip.dll
Event: 0.402 Loaded shared library C:\Users\ramse\.vscode\extensions\redhat.java-1.50.0-win32-x64\jre\21.0.9-win32-x86_64\bin\jimage.dll
Event: 0.574 Loaded shared library c:\Users\ramse\.vscode\extensions\redhat.java-1.50.0-win32-x64\jre\21.0.9-win32-x86_64\bin\verify.dll
Event: 3.349 Loaded shared library C:\Users\ramse\AppData\Roaming\Code\User\globalStorage\redhat.java\1.50.0\config_win\org.eclipse.equinox.launcher\org.eclipse.equinox.launcher.win32.win32.x86_64_1.2.1400.v20250801-0854\eclipse_11916.dll
Event: 8.903 Loaded shared library C:\Users\ramse\AppData\Local\Temp\jna-108279536\jna8486833702331601646.dll

Deoptimization events (20 events):
Event: 27.160 Thread 0x00000242ec6e3270 DEOPT PACKING pc=0x00000242d2c389d9 sp=0x000000f3047fa700
Event: 27.160 Thread 0x00000242ec6e3270 DEOPT UNPACKING pc=0x00000242d9dd4242 sp=0x000000f3047f9b88 mode 0
Event: 27.161 Thread 0x00000242ec6e3270 DEOPT PACKING pc=0x00000242d37c3f21 sp=0x000000f3047fa8b0
Event: 27.161 Thread 0x00000242ec6e3270 DEOPT UNPACKING pc=0x00000242d9dd4242 sp=0x000000f3047f9d70 mode 0
Event: 27.162 Thread 0x00000242ec6e3270 DEOPT PACKING pc=0x00000242d2c389d9 sp=0x000000f3047fa700
Event: 27.162 Thread 0x00000242ec6e3270 DEOPT UNPACKING pc=0x00000242d9dd4242 sp=0x000000f3047f9b88 mode 0
Event: 27.164 Thread 0x00000242ec6e3270 DEOPT PACKING pc=0x00000242d2c389d9 sp=0x000000f3047fa700
Event: 27.164 Thread 0x00000242ec6e3270 DEOPT UNPACKING pc=0x00000242d9dd4242 sp=0x000000f3047f9b88 mode 0
Event: 27.293 Thread 0x00000242f0788a10 Uncommon trap: trap_request=0xffffff76 fr.pc=0x00000242da5d1ffc relative=0x000000000000043c
Event: 27.293 Thread 0x00000242f0788a10 Uncommon trap: reason=predicate action=maybe_recompile pc=0x00000242da5d1ffc method=java.util.TimSort.binarySort([Ljava/lang/Object;IIILjava/util/Comparator;)V @ 34 c2
Event: 27.293 Thread 0x00000242f0788a10 DEOPT PACKING pc=0x00000242da5d1ffc sp=0x000000f3062fe1e0
Event: 27.293 Thread 0x00000242f0788a10 DEOPT UNPACKING pc=0x00000242d9dd3aa2 sp=0x000000f3062fe180 mode 2
Event: 32.967 Thread 0x00000242ec6a96b0 Uncommon trap: trap_request=0xffffff45 fr.pc=0x00000242da5c2a4c relative=0x0000000000000c6c
Event: 32.967 Thread 0x00000242ec6a96b0 Uncommon trap: reason=unstable_if action=reinterpret pc=0x00000242da5c2a4c method=java.util.HashMap.putVal(ILjava/lang/Object;Ljava/lang/Object;ZZ)Ljava/lang/Object; @ 94 c2
Event: 32.967 Thread 0x00000242ec6a96b0 DEOPT PACKING pc=0x00000242da5c2a4c sp=0x000000f3038fef90
Event: 32.967 Thread 0x00000242ec6a96b0 DEOPT UNPACKING pc=0x00000242d9dd3aa2 sp=0x000000f3038fee30 mode 2
Event: 32.968 Thread 0x00000242ec6a96b0 Uncommon trap: trap_request=0xffffff45 fr.pc=0x00000242da4805dc relative=0x000000000000055c
Event: 32.968 Thread 0x00000242ec6a96b0 Uncommon trap: reason=unstable_if action=reinterpret pc=0x00000242da4805dc method=java.util.HashMap.removeNode(ILjava/lang/Object;Ljava/lang/Object;ZZ)Ljava/util/HashMap$Node; @ 62 c2
Event: 32.968 Thread 0x00000242ec6a96b0 DEOPT PACKING pc=0x00000242da4805dc sp=0x000000f3038ff000
Event: 32.968 Thread 0x00000242ec6a96b0 DEOPT UNPACKING pc=0x00000242d9dd3aa2 sp=0x000000f3038fef00 mode 2

Classes loaded (20 events):
Event: 27.093 Loading class java/util/stream/ReduceOps$4
Event: 27.093 Loading class java/util/stream/ReduceOps$4 done
Event: 27.093 Loading class java/util/stream/ReduceOps$4ReducingSink
Event: 27.093 Loading class java/util/stream/ReduceOps$4ReducingSink done
Event: 27.096 Loading class java/nio/file/Files$2
Event: 27.096 Loading class java/nio/file/Files$2 done
Event: 27.531 Loading class java/util/Hashtable$ValueCollection
Event: 27.553 Loading class java/util/Hashtable$ValueCollection done
Event: 27.587 Loading class java/util/stream/DistinctOps
Event: 27.588 Loading class java/util/stream/DistinctOps done
Event: 27.588 Loading class java/util/stream/DistinctOps$1
Event: 27.588 Loading class java/util/stream/DistinctOps$1 done
Event: 27.592 Loading class java/util/stream/DistinctOps$1$2
Event: 27.592 Loading class java/util/stream/DistinctOps$1$2 done
Event: 33.651 Loading class sun/nio/cs/ISO_8859_1$Encoder
Event: 33.655 Loading class sun/nio/cs/ISO_8859_1$Encoder done
Event: 33.656 Loading class sun/nio/cs/Surrogate$Parser
Event: 33.657 Loading class sun/nio/cs/Surrogate$Parser done
Event: 33.657 Loading class sun/nio/cs/Surrogate
Event: 33.658 Loading class sun/nio/cs/Surrogate done

Classes unloaded (14 events):
Event: 9.947 Thread 0x00000242e60a1d40 Unloading class 0x00000242811ab400 'java/lang/invoke/LambdaForm$MH+0x00000242811ab400'
Event: 9.947 Thread 0x00000242e60a1d40 Unloading class 0x00000242811ab000 'java/lang/invoke/LambdaForm$MH+0x00000242811ab000'
Event: 9.947 Thread 0x00000242e60a1d40 Unloading class 0x00000242811aac00 'java/lang/invoke/LambdaForm$MH+0x00000242811aac00'
Event: 9.947 Thread 0x00000242e60a1d40 Unloading class 0x00000242811aa800 'java/lang/invoke/LambdaForm$MH+0x00000242811aa800'
Event: 9.947 Thread 0x00000242e60a1d40 Unloading class 0x00000242811aa400 'java/lang/invoke/LambdaForm$BMH+0x00000242811aa400'
Event: 9.947 Thread 0x00000242e60a1d40 Unloading class 0x00000242811aa000 'java/lang/invoke/LambdaForm$DMH+0x00000242811aa000'
Event: 9.947 Thread 0x00000242e60a1d40 Unloading class 0x00000242811a8c00 'java/lang/invoke/LambdaForm$DMH+0x00000242811a8c00'
Event: 26.738 Thread 0x00000242e60a1d40 Unloading class 0x00000242816b9000 'java/lang/invoke/LambdaForm$MH+0x00000242816b9000'
Event: 26.738 Thread 0x00000242e60a1d40 Unloading class 0x00000242816b8c00 'java/lang/invoke/LambdaForm$MH+0x00000242816b8c00'
Event: 26.738 Thread 0x00000242e60a1d40 Unloading class 0x00000242816b8000 'java/lang/invoke/LambdaForm$MH+0x00000242816b8000'
Event: 26.738 Thread 0x00000242e60a1d40 Unloading class 0x000002428160a400 'java/lang/invoke/LambdaForm$DMH+0x000002428160a400'
Event: 26.738 Thread 0x00000242e60a1d40 Unloading class 0x0000024281609800 'java/lang/invoke/LambdaForm$DMH+0x0000024281609800'
Event: 26.738 Thread 0x00000242e60a1d40 Unloading class 0x000002428160a000 'java/lang/invoke/LambdaForm$DMH+0x000002428160a000'
Event: 26.738 Thread 0x00000242e60a1d40 Unloading class 0x0000024281609c00 'java/lang/invoke/LambdaForm$DMH+0x0000024281609c00'

Classes redefined (0 events):
No events

Internal exceptions (20 events):
Event: 24.018 Thread 0x00000242ec6e3270 Exception <a 'sun/nio/fs/WindowsException'{0x00000000d5944f10}> (0x00000000d5944f10) 
thrown [s\src\hotspot\share\prims\jni.cpp, line 520]
Event: 24.018 Thread 0x00000242ec6e3270 Exception <a 'sun/nio/fs/WindowsException'{0x00000000d5945620}> (0x00000000d5945620) 
thrown [s\src\hotspot\share\prims\jni.cpp, line 520]
Event: 24.019 Thread 0x00000242ec6e3270 Exception <a 'sun/nio/fs/WindowsException'{0x00000000d5946828}> (0x00000000d5946828) 
thrown [s\src\hotspot\share\prims\jni.cpp, line 520]
Event: 24.019 Thread 0x00000242ec6e3270 Exception <a 'sun/nio/fs/WindowsException'{0x00000000d5947078}> (0x00000000d5947078) 
thrown [s\src\hotspot\share\prims\jni.cpp, line 520]
Event: 24.021 Thread 0x00000242ec6e3270 Exception <a 'sun/nio/fs/WindowsException'{0x00000000d5948d68}> (0x00000000d5948d68) 
thrown [s\src\hotspot\share\prims\jni.cpp, line 520]
Event: 24.021 Thread 0x00000242ec6e3270 Exception <a 'sun/nio/fs/WindowsException'{0x00000000d59495b8}> (0x00000000d59495b8) 
thrown [s\src\hotspot\share\prims\jni.cpp, line 520]
Event: 24.022 Thread 0x00000242ec6e3270 Exception <a 'sun/nio/fs/WindowsException'{0x00000000d594a7c0}> (0x00000000d594a7c0) 
thrown [s\src\hotspot\share\prims\jni.cpp, line 520]
Event: 24.022 Thread 0x00000242ec6e3270 Exception <a 'sun/nio/fs/WindowsException'{0x00000000d594aed0}> (0x00000000d594aed0) 
thrown [s\src\hotspot\share\prims\jni.cpp, line 520]
Event: 26.678 Thread 0x00000242ec6e3270 Exception <a 'java/lang/NoSuchMethodError'{0x00000000d5bd83a0}: 'java.lang.Object java.lang.invoke.DirectMethodHandle$Holder.invokeStatic(java.lang.Object, int, java.lang.Object)'> (0x00000000d5bd83a0) 
thrown [s\src\hotspot\share\interpreter\linkResolver.cpp, line 773]
Event: 27.099 Thread 0x00000242f0788a10 Exception <a 'java/lang/NoSuchMethodError'{0x00000000d570b4d0}: 'int java.lang.invoke.DirectMethodHandle$Holder.invokeSpecialIFC(java.lang.Object, java.lang.Object, java.lang.Object)'> (0x00000000d570b4d0) 
thrown [s\src\hotspot\share\interpreter\linkResolver.cpp, line 773]
Event: 27.619 Thread 0x00000242ec6e3270 Exception <a 'java/lang/NoSuchMethodError'{0x00000000d5bf8c18}: 'java.lang.Object java.lang.invoke.DirectMethodHandle$Holder.invokeStatic(java.lang.Object, java.lang.Object, int, java.lang.Object)'> (0x00000000d5bf8c18) 
thrown [s\src\hotspot\share\interpreter\linkResolver.cpp, line 773]
Event: 27.620 Thread 0x00000242ec6e3270 Exception <a 'java/lang/NoSuchMethodError'{0x00000000d5bff328}: 'java.lang.Object java.lang.invoke.DirectMethodHandle$Holder.newInvokeSpecial(java.lang.Object, java.lang.Object, int)'> (0x00000000d5bff328) 
thrown [s\src\hotspot\share\interpreter\linkResolver.cpp, line 773]
Event: 53.567 Thread 0x00000242ec6e0b10 Exception <a 'sun/nio/fs/WindowsException'{0x00000000d5fd0080}> (0x00000000d5fd0080) 
thrown [s\src\hotspot\share\prims\jni.cpp, line 520]
Event: 53.592 Thread 0x00000242ec6e0b10 Exception <a 'sun/nio/fs/WindowsException'{0x00000000d5fd08d0}> (0x00000000d5fd08d0) 
thrown [s\src\hotspot\share\prims\jni.cpp, line 520]
Event: 53.777 Thread 0x00000242ec6e0b10 Exception <a 'sun/nio/fs/WindowsException'{0x00000000d5fe2e38}> (0x00000000d5fe2e38) 
thrown [s\src\hotspot\share\prims\jni.cpp, line 520]
Event: 53.809 Thread 0x00000242ec6e0b10 Exception <a 'sun/nio/fs/WindowsException'{0x00000000d5fe3688}> (0x00000000d5fe3688) 
thrown [s\src\hotspot\share\prims\jni.cpp, line 520]
Event: 53.864 Thread 0x00000242ec6e0b10 Exception <a 'sun/nio/fs/WindowsException'{0x00000000d5fe4ae0}> (0x00000000d5fe4ae0) 
thrown [s\src\hotspot\share\prims\jni.cpp, line 520]
Event: 53.866 Thread 0x00000242ec6e0b10 Exception <a 'sun/nio/fs/WindowsException'{0x00000000d5fe51f0}> (0x00000000d5fe51f0) 
thrown [s\src\hotspot\share\prims\jni.cpp, line 520]
Event: 53.870 Thread 0x00000242ec6e0b10 Exception <a 'sun/nio/fs/WindowsException'{0x00000000d5fe63f8}> (0x00000000d5fe63f8) 
thrown [s\src\hotspot\share\prims\jni.cpp, line 520]
Event: 53.870 Thread 0x00000242ec6e0b10 Exception <a 'sun/nio/fs/WindowsException'{0x00000000d5fe6ec0}> (0x00000000d5fe6ec0) 
thrown [s\src\hotspot\share\prims\jni.cpp, line 520]

ZGC Phase Switch (0 events):
No events

VM Operations (20 events):
Event: 27.432 Executing VM operation: HandshakeAllThreads (Deoptimize) done
Event: 27.567 Executing VM operation: HandshakeAllThreads (Deoptimize)
Event: 27.583 Executing VM operation: HandshakeAllThreads (Deoptimize) done
Event: 27.592 Executing VM operation: HandshakeAllThreads (Deoptimize)
Event: 27.592 Executing VM operation: HandshakeAllThreads (Deoptimize) done
Event: 28.601 Executing VM operation: Cleanup
Event: 28.603 Executing VM operation: Cleanup done
Event: 33.636 Executing VM operation: Cleanup
Event: 33.636 Executing VM operation: Cleanup done
Event: 34.637 Executing VM operation: Cleanup
Event: 34.637 Executing VM operation: Cleanup done
Event: 51.791 Executing VM operation: Cleanup
Event: 51.807 Executing VM operation: Cleanup done
Event: 53.827 Executing VM operation: Cleanup
Event: 53.843 Executing VM operation: Cleanup done
Event: 54.854 Executing VM operation: Cleanup
Event: 55.587 Executing VM operation: Cleanup done
Event: 56.598 Executing VM operation: Cleanup
Event: 56.598 Executing VM operation: Cleanup done
Event: 61.158 Executing VM operation: HandshakeAllThreads (HandshakeForDeflation)

Memory protections (0 events):
No events

Nmethod flushes (20 events):
Event: 26.777 Thread 0x00000242e60a1d40 flushing  nmethod 0x00000242d3119990
Event: 26.777 Thread 0x00000242e60a1d40 flushing  nmethod 0x00000242d311ae10
Event: 26.777 Thread 0x00000242e60a1d40 flushing  nmethod 0x00000242d311b290
Event: 26.777 Thread 0x00000242e60a1d40 flushing  nmethod 0x00000242d3121790
Event: 26.777 Thread 0x00000242e60a1d40 flushing  nmethod 0x00000242d3121d10
Event: 26.777 Thread 0x00000242e60a1d40 flushing  nmethod 0x00000242d3122310
Event: 26.777 Thread 0x00000242e60a1d40 flushing  nmethod 0x00000242d3122a90
Event: 26.777 Thread 0x00000242e60a1d40 flushing  nmethod 0x00000242d3122e90
Event: 26.777 Thread 0x00000242e60a1d40 flushing  nmethod 0x00000242d3123310
Event: 26.777 Thread 0x00000242e60a1d40 flushing  nmethod 0x00000242d3123910
Event: 26.777 Thread 0x00000242e60a1d40 flushing  nmethod 0x00000242d3123d10
Event: 26.777 Thread 0x00000242e60a1d40 flushing  nmethod 0x00000242d3125290
Event: 26.777 Thread 0x00000242e60a1d40 flushing  nmethod 0x00000242d3137d10
Event: 26.777 Thread 0x00000242e60a1d40 flushing  nmethod 0x00000242d3138190
Event: 26.777 Thread 0x00000242e60a1d40 flushing  nmethod 0x00000242d3145e90
Event: 26.777 Thread 0x00000242e60a1d40 flushing  nmethod 0x00000242d3146690
Event: 26.777 Thread 0x00000242e60a1d40 flushing  nmethod 0x00000242d3146a10
Event: 26.777 Thread 0x00000242e60a1d40 flushing  nmethod 0x00000242d317ec10
Event: 26.777 Thread 0x00000242e60a1d40 flushing  nmethod 0x00000242d317f890
Event: 26.777 Thread 0x00000242e60a1d40 flushing  nmethod 0x00000242d317fe90

Events (20 events):
Event: 13.923 Thread 0x00000242ec6e0b10 Thread added: 0x00000242ed618460
Event: 13.924 Thread 0x00000242ed618460 Thread added: 0x00000242ed61bf70
Event: 13.925 Thread 0x00000242ec6e0b10 Thread added: 0x00000242ed61abc0
Event: 13.925 Thread 0x00000242ed61bf70 Thread added: 0x00000242f078b170
Event: 13.926 Thread 0x00000242ed61abc0 Thread added: 0x00000242f078b800
Event: 13.927 Thread 0x00000242f078b170 Thread added: 0x00000242f0789730
Event: 13.933 Thread 0x00000242f078b800 Thread added: 0x00000242f0788a10
Event: 19.380 Thread 0x00000242ecfd5280 Thread exited: 0x00000242ecfd5280
Event: 19.539 Thread 0x00000242e60e6c20 Thread added: 0x00000242ecfd5950
Event: 20.672 Thread 0x00000242ecfd5950 Thread exited: 0x00000242ecfd5950
Event: 20.936 Thread 0x00000242ec6e3270 Thread added: 0x00000242f078cbb0
Event: 20.936 Thread 0x00000242ec6e3270 Thread added: 0x00000242f0789dc0
Event: 20.937 Thread 0x00000242ec6e3270 Thread added: 0x00000242f078d8d0
Event: 20.937 Thread 0x00000242ec6e3270 Thread added: 0x00000242f078a450
Event: 20.938 Thread 0x00000242ec6e3270 Thread added: 0x00000242f078df60
Event: 21.379 Thread 0x00000242f0789dc0 Thread exited: 0x00000242f0789dc0
Event: 21.379 Thread 0x00000242f078d8d0 Thread exited: 0x00000242f078d8d0
Event: 21.379 Thread 0x00000242f078a450 Thread exited: 0x00000242f078a450
Event: 21.379 Thread 0x00000242f078df60 Thread exited: 0x00000242f078df60
Event: 21.380 Thread 0x00000242f078cbb0 Thread exited: 0x00000242f078cbb0


Dynamic libraries:
0x00007ff60f2a0000 - 0x00007ff60f2ae000 	c:\Users\ramse\.vscode\extensions\redhat.java-1.50.0-win32-x64\jre\21.0.9-win32-x86_64\bin\java.exe
0x00007ffa1c220000 - 0x00007ffa1c487000 	C:\WINDOWS\SYSTEM32\ntdll.dll
0x00007ffa1a660000 - 0x00007ffa1a729000 	C:\WINDOWS\System32\KERNEL32.DLL
0x00007ffa19370000 - 0x00007ffa1975f000 	C:\WINDOWS\System32\KERNELBASE.dll
0x00007ffa198a0000 - 0x00007ffa199eb000 	C:\WINDOWS\System32\ucrtbase.dll
0x00007ffa06180000 - 0x00007ffa06198000 	c:\Users\ramse\.vscode\extensions\redhat.java-1.50.0-win32-x64\jre\21.0.9-win32-x86_64\bin\jli.dll
0x00007ffa05b00000 - 0x00007ffa05b1e000 	c:\Users\ramse\.vscode\extensions\redhat.java-1.50.0-win32-x64\jre\21.0.9-win32-x86_64\bin\VCRUNTIME140.dll
0x00007ffa1adb0000 - 0x00007ffa1af75000 	C:\WINDOWS\System32\USER32.dll
0x00007ffa19e20000 - 0x00007ffa19e47000 	C:\WINDOWS\System32\win32u.dll
0x00007ffa06350000 - 0x00007ffa065e3000 	C:\WINDOWS\WinSxS\amd64_microsoft.windows.common-controls_6595b64144ccf1df_6.0.26100.7309_none_3e05feeae336a044\COMCTL32.dll
0x00007ffa1b450000 - 0x00007ffa1b47b000 	C:\WINDOWS\System32\GDI32.dll
0x00007ffa19770000 - 0x00007ffa1989c000 	C:\WINDOWS\System32\gdi32full.dll
0x00007ffa19e50000 - 0x00007ffa19ef3000 	C:\WINDOWS\System32\msvcp_win.dll
0x00007ffa1a920000 - 0x00007ffa1a9c9000 	C:\WINDOWS\System32\msvcrt.dll
0x00007ffa1beb0000 - 0x00007ffa1bee1000 	C:\WINDOWS\System32\IMM32.DLL
0x00007ffa0c730000 - 0x00007ffa0c73c000 	c:\Users\ramse\.vscode\extensions\redhat.java-1.50.0-win32-x64\jre\21.0.9-win32-x86_64\bin\vcruntime140_1.dll
0x00007ff9f4600000 - 0x00007ff9f468d000 	c:\Users\ramse\.vscode\extensions\redhat.java-1.50.0-win32-x64\jre\21.0.9-win32-x86_64\bin\msvcp140.dll
0x00007ff99ee10000 - 0x00007ff99fbb0000 	c:\Users\ramse\.vscode\extensions\redhat.java-1.50.0-win32-x64\jre\21.0.9-win32-x86_64\bin\server\jvm.dll
0x00007ffa1a450000 - 0x00007ffa1a504000 	C:\WINDOWS\System32\ADVAPI32.dll
0x00007ffa1a5b0000 - 0x00007ffa1a656000 	C:\WINDOWS\System32\sechost.dll
0x00007ffa1a7f0000 - 0x00007ffa1a908000 	C:\WINDOWS\System32\RPCRT4.dll
0x00007ffa1b3d0000 - 0x00007ffa1b444000 	C:\WINDOWS\System32\WS2_32.dll
0x00007ffa191f0000 - 0x00007ffa1924e000 	C:\WINDOWS\SYSTEM32\POWRPROF.dll
0x00007ffa10fb0000 - 0x00007ffa10fe5000 	C:\WINDOWS\SYSTEM32\WINMM.dll
0x00007ffa11f70000 - 0x00007ffa11f7b000 	C:\WINDOWS\SYSTEM32\VERSION.dll
0x00007ffa191d0000 - 0x00007ffa191e4000 	C:\WINDOWS\SYSTEM32\UMPDC.dll
0x00007ffa17fb0000 - 0x00007ffa17fcb000 	C:\WINDOWS\SYSTEM32\kernel.appcore.dll
0x00007ffa0c600000 - 0x00007ffa0c60a000 	c:\Users\ramse\.vscode\extensions\redhat.java-1.50.0-win32-x64\jre\21.0.9-win32-x86_64\bin\jimage.dll
0x00007ffa0b070000 - 0x00007ffa0b2b2000 	C:\WINDOWS\SYSTEM32\DBGHELP.DLL
0x00007ffa1aa00000 - 0x00007ffa1ad85000 	C:\WINDOWS\System32\combase.dll
0x00007ffa1bbe0000 - 0x00007ffa1bcb6000 	C:\WINDOWS\System32\OLEAUT32.dll
0x00007ffa05960000 - 0x00007ffa0599c000 	C:\WINDOWS\SYSTEM32\dbgcore.DLL
0x00007ffa19d70000 - 0x00007ffa19e15000 	C:\WINDOWS\System32\bcryptPrimitives.dll
0x00007ffa0a660000 - 0x00007ffa0a66f000 	c:\Users\ramse\.vscode\extensions\redhat.java-1.50.0-win32-x64\jre\21.0.9-win32-x86_64\bin\instrument.dll
0x00007ffa05ad0000 - 0x00007ffa05af0000 	c:\Users\ramse\.vscode\extensions\redhat.java-1.50.0-win32-x64\jre\21.0.9-win32-x86_64\bin\java.dll
0x00007ffa1b480000 - 0x00007ffa1bbd3000 	C:\WINDOWS\System32\SHELL32.dll
0x00007ffa199f0000 - 0x00007ffa19b5a000 	C:\WINDOWS\System32\wintypes.dll
0x00007ffa16c20000 - 0x00007ffa1747e000 	C:\WINDOWS\SYSTEM32\windows.storage.dll
0x00007ffa1b2d0000 - 0x00007ffa1b3c5000 	C:\WINDOWS\System32\SHCORE.dll
0x00007ffa1c160000 - 0x00007ffa1c1c6000 	C:\WINDOWS\System32\shlwapi.dll
0x00007ffa19290000 - 0x00007ffa192b9000 	C:\WINDOWS\SYSTEM32\profapi.dll
0x00007ffa04910000 - 0x00007ffa04928000 	c:\Users\ramse\.vscode\extensions\redhat.java-1.50.0-win32-x64\jre\21.0.9-win32-x86_64\bin\zip.dll
0x00007ffa06100000 - 0x00007ffa06110000 	C:\Users\ramse\.vscode\extensions\redhat.java-1.50.0-win32-x64\jre\21.0.9-win32-x86_64\bin\net.dll
0x00007ffa17fd0000 - 0x00007ffa180f8000 	C:\WINDOWS\SYSTEM32\WINHTTP.dll
0x00007ffa18630000 - 0x00007ffa1869b000 	C:\WINDOWS\system32\mswsock.dll
0x00007ff9f6bd0000 - 0x00007ff9f6be6000 	C:\Users\ramse\.vscode\extensions\redhat.java-1.50.0-win32-x64\jre\21.0.9-win32-x86_64\bin\nio.dll
0x00007ffa060b0000 - 0x00007ffa060c0000 	c:\Users\ramse\.vscode\extensions\redhat.java-1.50.0-win32-x64\jre\21.0.9-win32-x86_64\bin\verify.dll
0x00007ffa0ea00000 - 0x00007ffa0ea44000 	C:\Users\ramse\AppData\Roaming\Code\User\globalStorage\redhat.java\1.50.0\config_win\org.eclipse.equinox.launcher\org.eclipse.equinox.launcher.win32.win32.x86_64_1.2.1400.v20250801-0854\eclipse_11916.dll
0x00007ffa1bd10000 - 0x00007ffa1bea7000 	C:\WINDOWS\System32\ole32.dll
0x00007ffa18a20000 - 0x00007ffa18a3b000 	C:\WINDOWS\SYSTEM32\CRYPTSP.dll
0x00007ffa17f10000 - 0x00007ffa17f4a000 	C:\WINDOWS\system32\rsaenh.dll
0x00007ffa186e0000 - 0x00007ffa1870b000 	C:\WINDOWS\SYSTEM32\USERENV.dll
0x00007ffa19260000 - 0x00007ffa1928a000 	C:\WINDOWS\SYSTEM32\bcrypt.dll
0x00007ffa18a00000 - 0x00007ffa18a0c000 	C:\WINDOWS\SYSTEM32\CRYPTBASE.dll
0x00007ffa17740000 - 0x00007ffa17774000 	C:\WINDOWS\SYSTEM32\IPHLPAPI.DLL
0x00007ffa1a910000 - 0x00007ffa1a91a000 	C:\WINDOWS\System32\NSI.dll
0x00007ff9f1cd0000 - 0x00007ff9f1d19000 	C:\Users\ramse\AppData\Local\Temp\jna-108279536\jna8486833702331601646.dll
0x00007ffa1ada0000 - 0x00007ffa1ada8000 	C:\WINDOWS\System32\PSAPI.DLL
0x00007ffa0e9b0000 - 0x00007ffa0e9ce000 	C:\WINDOWS\SYSTEM32\dhcpcsvc6.DLL
0x00007ffa0e840000 - 0x00007ffa0e863000 	C:\WINDOWS\SYSTEM32\dhcpcsvc.DLL

JVMTI agents:
c:\Users\ramse\.vscode\extensions\redhat.java-1.50.0-win32-x64\lombok\lombok-1.18.39-4050.jar path:c:\Users\ramse\.vscode\extensions\redhat.java-1.50.0-win32-x64\jre\21.0.9-win32-x86_64\bin\instrument.dll, loaded, initialized, instrumentlib options:none

dbghelp: loaded successfully - version: 4.0.5 - missing functions: none
symbol engine: initialized successfully - sym options: 0x614 - pdb path: .;c:\Users\ramse\.vscode\extensions\redhat.java-1.50.0-win32-x64\jre\21.0.9-win32-x86_64\bin;C:\WINDOWS\SYSTEM32;C:\WINDOWS\WinSxS\amd64_microsoft.windows.common-controls_6595b64144ccf1df_6.0.26100.7309_none_3e05feeae336a044;c:\Users\ramse\.vscode\extensions\redhat.java-1.50.0-win32-x64\jre\21.0.9-win32-x86_64\bin\server;C:\Users\ramse\AppData\Roaming\Code\User\globalStorage\redhat.java\1.50.0\config_win\org.eclipse.equinox.launcher\org.eclipse.equinox.launcher.win32.win32.x86_64_1.2.1400.v20250801-0854;C:\Users\ramse\AppData\Local\Temp\jna-108279536

VM Arguments:
jvm_args: --add-modules=ALL-SYSTEM --add-opens=java.base/java.util=ALL-UNNAMED --add-opens=java.base/java.lang=ALL-UNNAMED --add-opens=java.base/sun.nio.fs=ALL-UNNAMED -Declipse.application=org.eclipse.jdt.ls.core.id1 -Dosgi.bundles.defaultStartLevel=4 -Declipse.product=org.eclipse.jdt.ls.core.product -Djava.import.generatesMetadataFilesAtProjectRoot=false -DDetectVMInstallationsJob.disabled=true -Dfile.encoding=utf8 -XX:+UseParallelGC -XX:GCTimeRatio=4 -XX:AdaptiveSizePolicyWeight=90 -Dsun.zip.disableMemoryMapping=true -Xmx2G -Xms100m -Xlog:disable -javaagent:c:\Users\ramse\.vscode\extensions\redhat.java-1.50.0-win32-x64\lombok\lombok-1.18.39-4050.jar -XX:+HeapDumpOnOutOfMemoryError -XX:HeapDumpPath=c:\Users\ramse\AppData\Roaming\Code\User\workspaceStorage\cfeb0354b5aa98abce98fa9a66cc9c2b\redhat.java -Daether.dependencyCollector.impl=bf 
java_command: c:\Users\ramse\.vscode\extensions\redhat.java-1.50.0-win32-x64\server\plugins\org.eclipse.equinox.launcher_1.7.100.v20251111-0406.jar -configuration c:\Users\ramse\AppData\Roaming\Code\User\globalStorage\redhat.java\1.50.0\config_win -data c:\Users\ramse\AppData\Roaming\Code\User\workspaceStorage\cfeb0354b5aa98abce98fa9a66cc9c2b\redhat.java\jdt_ws --pipe=\\.\pipe\lsp-e97b4ef22d40119c47c2753502e59bac-sock
java_class_path (initial): c:\Users\ramse\.vscode\extensions\redhat.java-1.50.0-win32-x64\server\plugins\org.eclipse.equinox.launcher_1.7.100.v20251111-0406.jar
Launcher Type: SUN_STANDARD

[Global flags]
    uintx AdaptiveSizePolicyWeight                 = 90                                        {product} {command line}
     intx CICompilerCount                          = 4                                         {product} {ergonomic}
    uintx GCTimeRatio                              = 4                                         {product} {command line}
     bool HeapDumpOnOutOfMemoryError               = true                                   {manageable} {command line}
    ccstr HeapDumpPath                             = c:\Users\ramse\AppData\Roaming\Code\User\workspaceStorage\cfeb0354b5aa98abce98fa9a66cc9c2b\redhat.java         {manageable} {command line}
   size_t InitialHeapSize                          = 104857600                                 {product} {command line}
   size_t MaxHeapSize                              = 2147483648                                {product} {command line}
   size_t MaxNewSize                               = 715653120                                 {product} {ergonomic}
   size_t MinHeapDeltaBytes                        = 524288                                    {product} {ergonomic}
   size_t MinHeapSize                              = 104857600                                 {product} {command line}
   size_t NewSize                                  = 34603008                                  {product} {ergonomic}
    uintx NonNMethodCodeHeapSize                   = 5839372                                {pd product} {ergonomic}
    uintx NonProfiledCodeHeapSize                  = 122909434                              {pd product} {ergonomic}
   size_t OldSize                                  = 70254592                                  {product} {ergonomic}
    uintx ProfiledCodeHeapSize                     = 122909434                              {pd product} {ergonomic}
    uintx ReservedCodeCacheSize                    = 251658240                              {pd product} {ergonomic}
     bool SegmentedCodeCache                       = true                                      {product} {ergonomic}
   size_t SoftMaxHeapSize                          = 2147483648                             {manageable} {ergonomic}
     bool UseCompressedOops                        = true                           {product lp64_product} {ergonomic}
     bool UseLargePagesIndividualAllocation        = false                                  {pd product} {ergonomic}
     bool UseParallelGC                            = true                                      {product} {command line}

Logging:
Log output configuration:
 #0: stdout all=off uptime,level,tags foldmultilines=false
 #1: stderr all=off uptime,level,tags foldmultilines=false

Release file:
JAVA_VERSION="21.0.9" 
MODULES="java.base java.compiler java.datatransfer java.xml java.prefs java.desktop java.instrument java.logging java.management java.security.sasl java.naming java.rmi java.management.rmi java.net.http java.scripting java.security.jgss java.transaction.xa java.sql java.sql.rowset java.xml.crypto java.se java.smartcardio jdk.accessibility jdk.internal.jvmstat jdk.attach jdk.charsets jdk.internal.opt jdk.zipfs jdk.compiler jdk.crypto.ec jdk.crypto.cryptoki jdk.crypto.mscapi jdk.dynalink jdk.internal.ed jdk.editpad jdk.hotspot.agent jdk.httpserver jdk.internal.le jdk.internal.vm.ci jdk.internal.vm.compiler jdk.internal.vm.compiler.management jdk.jartool jdk.javadoc jdk.jcmd jdk.management jdk.management.agent jdk.jconsole jdk.jdeps jdk.jdwp.agent jdk.jdi jdk.jfr jdk.jshell jdk.jsobject jdk.jstatd jdk.localedata jdk.management.jfr jdk.naming.dns jdk.naming.rmi jdk.net jdk.nio.mapmode jdk.random jdk.sctp jdk.security.auth jdk.security.jgss jdk.unsupported jdk.unsupported.desktop jdk.xml.dom" 

Environment Variables:
PATH=C:\Program Files\Eclipse Adoptium\jdk-21.0.8.9-hotspot\bin;C:\app\ramse\product\21c\dbhomeXE\bin;C:\WINDOWS\system32;C:\WINDOWS;C:\WINDOWS\System32\Wbem;C:\WINDOWS\System32\WindowsPowerShell\v1.0\;C:\WINDOWS\System32\OpenSSH\;C:\Program Files\Git\cmd;C:\Users\ramse\Documents\Workspace\apache-maven-3.9.11\bin;C:\Program Files\PuTTY\;C:\ProgramData\chocolatey\bin;C:\Program Files\nodejs\;C:\Users\ramse\AppData\Local\Microsoft\WindowsApps;C:\Users\ramse\AppData\Local\Programs\Microsoft VS Code\bin;C:\Users\ramse\AppData\Roaming\npm
USERNAME=ramse
OS=Windows_NT
PROCESSOR_IDENTIFIER=AMD64 Family 23 Model 24 Stepping 1, AuthenticAMD
TMP=C:\Users\ramse\AppData\Local\Temp
TEMP=C:\Users\ramse\AppData\Local\Temp




Periodic native trim disabled

---------------  S Y S T E M  ---------------

OS:
 Windows 11 , 64 bit Build 26100 (10.0.26100.7309)
OS uptime: 0 days 2:01 hours
Hyper-V role detected

CPU: total 8 (initial active 8) (8 cores per cpu, 2 threads per core) family 23 model 24 stepping 1 microcode 0x8108109, cx8, cmov, fxsr, ht, mmx, 3dnowpref, sse, sse2, sse3, ssse3, sse4a, sse4.1, sse4.2, popcnt, lzcnt, tsc, tscinvbit, avx, avx2, aes, clmul, bmi1, bmi2, adx, sha, fma, vzeroupper, clflush, clflushopt, hv, rdtscp, f16c
Processor Information for the first 8 processors :
  Max Mhz: 2100, Current Mhz: 2100, Mhz Limit: 2100

Memory: 4k page, system-wide physical 3460M (290M free)
TotalPageFile size 11652M (AvailPageFile size 2M)
current process WorkingSet (physical memory assigned to process): 37M, peak: 296M
current process commit charge ("private bytes"): 340M, peak: 380M

vm_info: OpenJDK 64-Bit Server VM (21.0.9+10-LTS) for windows-amd64 JRE (21.0.9+10-LTS), built on 2025-10-21T00:00:00Z by "admin" with unknown MS VC++:1942

END.
